2022-01-03 16:39:33,399 INFO com.pravinkatiyar.onlinetest.aop.PerformanceLoggingAspect [http-nio-8110-exec-2] Execution time of AuthServiceImpl.loadUserByUsername :: 14 ms
2022-01-03 16:39:33,403 DEBUG com.pravinkatiyar.onlinetest.aop.LoggingAspect [http-nio-8110-exec-3] Enter: com.pravinkatiyar.onlinetest.service.impl.AuthServiceImpl.loadUserByUsername() with argument[s] = [pravin@gmail.com]
2022-01-03 16:39:33,408 DEBUG com.pravinkatiyar.onlinetest.aop.LoggingAspect [http-nio-8110-exec-2] Exit: com.pravinkatiyar.onlinetest.service.impl.AuthServiceImpl.loadUserByUsername() with result = com.pravinkatiyar.onlinetest.security.JwtUser@2d6eba64
2022-01-03 16:39:33,420 INFO com.pravinkatiyar.onlinetest.aop.PerformanceLoggingAspect [http-nio-8110-exec-3] Execution time of AuthServiceImpl.loadUserByUsername :: 12 ms
2022-01-03 16:39:33,422 DEBUG com.pravinkatiyar.onlinetest.aop.LoggingAspect [http-nio-8110-exec-3] Exit: com.pravinkatiyar.onlinetest.service.impl.AuthServiceImpl.loadUserByUsername() with result = com.pravinkatiyar.onlinetest.security.JwtUser@4a1d18a4
2022-01-03 16:39:33,453 DEBUG com.pravinkatiyar.onlinetest.aop.LoggingAspect [http-nio-8110-exec-10] Exit: com.pravinkatiyar.onlinetest.controller.AuthController.Login() with result = <200 OK OK,com.pravinkatiyar.onlinetest.security.UserDTO@146c7645,[]>
2022-01-03 16:39:33,634 DEBUG com.pravinkatiyar.onlinetest.aop.LoggingAspect [http-nio-8110-exec-1] Exit: com.pravinkatiyar.onlinetest.controller.AuthController.Login() with result = <200 OK OK,com.pravinkatiyar.onlinetest.security.UserDTO@1be95ff5,[]>
2022-01-03 16:39:33,642 DEBUG com.pravinkatiyar.onlinetest.aop.LoggingAspect [http-nio-8110-exec-3] Exit: com.pravinkatiyar.onlinetest.controller.AuthController.Login() with result = <200 OK OK,com.pravinkatiyar.onlinetest.security.UserDTO@1c2a8504,[]>
2022-01-03 16:39:33,666 DEBUG com.pravinkatiyar.onlinetest.aop.LoggingAspect [http-nio-8110-exec-2] Exit: com.pravinkatiyar.onlinetest.controller.AuthController.Login() with result = <200 OK OK,com.pravinkatiyar.onlinetest.security.UserDTO@794f4bcc,[]>
2022-01-03 16:39:33,794 DEBUG com.pravinkatiyar.onlinetest.aop.LoggingAspect [http-nio-8110-exec-4] Enter: com.pravinkatiyar.onlinetest.controller.AuthController.Login() with argument[s] = [User [id=null, username=null, password=pravin, firstName=null, lastName=null, gender=null, email=pravin@gmail.com, phone=null, enabled=true], SecurityContextHolderAwareRequestWrapper[ org.springframework.security.web.header.HeaderWriterFilter$HeaderWriterRequest@104cf5c3], org.springframework.security.web.header.HeaderWriterFilter$HeaderWriterResponse@5be83b69]
2022-01-03 16:39:33,794 DEBUG com.pravinkatiyar.onlinetest.aop.LoggingAspect [http-nio-8110-exec-4] Enter: com.pravinkatiyar.onlinetest.service.impl.AuthServiceImpl.loadUserByUsername() with argument[s] = [pravin@gmail.com]
2022-01-03 16:39:33,798 INFO com.pravinkatiyar.onlinetest.aop.PerformanceLoggingAspect [http-nio-8110-exec-4] Execution time of AuthServiceImpl.loadUserByUsername :: 3 ms
2022-01-03 16:39:33,799 DEBUG com.pravinkatiyar.onlinetest.aop.LoggingAspect [http-nio-8110-exec-4] Exit: com.pravinkatiyar.onlinetest.service.impl.AuthServiceImpl.loadUserByUsername() with result = com.pravinkatiyar.onlinetest.security.JwtUser@5c641a1d
2022-01-03 16:39:33,993 DEBUG com.pravinkatiyar.onlinetest.aop.LoggingAspect [http-nio-8110-exec-4] Exit: com.pravinkatiyar.onlinetest.controller.AuthController.Login() with result = <200 OK OK,com.pravinkatiyar.onlinetest.security.UserDTO@3d316aaf,[]>
2022-01-03 16:39:34,144 DEBUG com.pravinkatiyar.onlinetest.aop.LoggingAspect [http-nio-8110-exec-5] Enter: com.pravinkatiyar.onlinetest.controller.AuthController.Login() with argument[s] = [User [id=null, username=null, password=pravin, firstName=null, lastName=null, gender=null, email=pravin@gmail.com, phone=null, enabled=true], SecurityContextHolderAwareRequestWrapper[ org.springframework.security.web.header.HeaderWriterFilter$HeaderWriterRequest@6c16fe32], org.springframework.security.web.header.HeaderWriterFilter$HeaderWriterResponse@385fcdbe]
2022-01-03 16:39:34,145 DEBUG com.pravinkatiyar.onlinetest.aop.LoggingAspect [http-nio-8110-exec-5] Enter: com.pravinkatiyar.onlinetest.service.impl.AuthServiceImpl.loadUserByUsername() with argument[s] = [pravin@gmail.com]
2022-01-03 16:39:34,149 INFO com.pravinkatiyar.onlinetest.aop.PerformanceLoggingAspect [http-nio-8110-exec-5] Execution time of AuthServiceImpl.loadUserByUsername :: 3 ms
2022-01-03 16:39:34,149 DEBUG com.pravinkatiyar.onlinetest.aop.LoggingAspect [http-nio-8110-exec-5] Exit: com.pravinkatiyar.onlinetest.service.impl.AuthServiceImpl.loadUserByUsername() with result = com.pravinkatiyar.onlinetest.security.JwtUser@5333fb5
2022-01-03 16:39:34,339 DEBUG com.pravinkatiyar.onlinetest.aop.LoggingAspect [http-nio-8110-exec-5] Exit: com.pravinkatiyar.onlinetest.controller.AuthController.Login() with result = <200 OK OK,com.pravinkatiyar.onlinetest.security.UserDTO@321a088f,[]>
2022-01-03 16:39:34,389 DEBUG com.pravinkatiyar.onlinetest.aop.LoggingAspect [http-nio-8110-exec-6] Enter: com.pravinkatiyar.onlinetest.controller.AuthController.Login() with argument[s] = [User [id=null, username=null, password=pravin, firstName=null, lastName=null, gender=null, email=pravin@gmail.com, phone=null, enabled=true], SecurityContextHolderAwareRequestWrapper[ org.springframework.security.web.header.HeaderWriterFilter$HeaderWriterRequest@66f8f4ec], org.springframework.security.web.header.HeaderWriterFilter$HeaderWriterResponse@156afafc]
2022-01-03 16:39:34,389 DEBUG com.pravinkatiyar.onlinetest.aop.LoggingAspect [http-nio-8110-exec-6] Enter: com.pravinkatiyar.onlinetest.service.impl.AuthServiceImpl.loadUserByUsername() with argument[s] = [pravin@gmail.com]
2022-01-03 16:39:34,394 INFO com.pravinkatiyar.onlinetest.aop.PerformanceLoggingAspect [http-nio-8110-exec-6] Execution time of AuthServiceImpl.loadUserByUsername :: 3 ms
2022-01-03 16:39:34,394 DEBUG com.pravinkatiyar.onlinetest.aop.LoggingAspect [http-nio-8110-exec-6] Exit: com.pravinkatiyar.onlinetest.service.impl.AuthServiceImpl.loadUserByUsername() with result = com.pravinkatiyar.onlinetest.security.JwtUser@173d39a2
2022-01-03 16:39:34,612 DEBUG com.pravinkatiyar.onlinetest.aop.LoggingAspect [http-nio-8110-exec-6] Exit: com.pravinkatiyar.onlinetest.controller.AuthController.Login() with result = <200 OK OK,com.pravinkatiyar.onlinetest.security.UserDTO@5591e299,[]>
2022-01-03 16:39:34,776 DEBUG com.pravinkatiyar.onlinetest.aop.LoggingAspect [http-nio-8110-exec-7] Enter: com.pravinkatiyar.onlinetest.controller.AuthController.Login() with argument[s] = [User [id=null, username=null, password=pravin, firstName=null, lastName=null, gender=null, email=pravin@gmail.com, phone=null, enabled=true], SecurityContextHolderAwareRequestWrapper[ org.springframework.security.web.header.HeaderWriterFilter$HeaderWriterRequest@4dbb4e4d], org.springframework.security.web.header.HeaderWriterFilter$HeaderWriterResponse@112b6b61]
2022-01-03 16:39:34,777 DEBUG com.pravinkatiyar.onlinetest.aop.LoggingAspect [http-nio-8110-exec-7] Enter: com.pravinkatiyar.onlinetest.service.impl.AuthServiceImpl.loadUserByUsername() with argument[s] = [pravin@gmail.com]
2022-01-03 16:39:34,781 INFO com.pravinkatiyar.onlinetest.aop.PerformanceLoggingAspect [http-nio-8110-exec-7] Execution time of AuthServiceImpl.loadUserByUsername :: 3 ms
2022-01-03 16:39:34,781 DEBUG com.pravinkatiyar.onlinetest.aop.LoggingAspect [http-nio-8110-exec-7] Exit: com.pravinkatiyar.onlinetest.service.impl.AuthServiceImpl.loadUserByUsername() with result = com.pravinkatiyar.onlinetest.security.JwtUser@3f620216
2022-01-03 16:39:34,824 DEBUG com.pravinkatiyar.onlinetest.aop.LoggingAspect [http-nio-8110-exec-8] Enter: com.pravinkatiyar.onlinetest.controller.AuthController.Login() with argument[s] = [User [id=null, username=null, password=pravin, firstName=null, lastName=null, gender=null, email=pravin@gmail.com, phone=null, enabled=true], SecurityContextHolderAwareRequestWrapper[ org.springframework.security.web.header.HeaderWriterFilter$HeaderWriterRequest@1270f5ca], org.springframework.security.web.header.HeaderWriterFilter$HeaderWriterResponse@75286bb]
2022-01-03 16:39:34,825 DEBUG com.pravinkatiyar.onlinetest.aop.LoggingAspect [http-nio-8110-exec-8] Enter: com.pravinkatiyar.onlinetest.service.impl.AuthServiceImpl.loadUserByUsername() with argument[s] = [pravin@gmail.com]
2022-01-03 16:39:34,828 INFO com.pravinkatiyar.onlinetest.aop.PerformanceLoggingAspect [http-nio-8110-exec-8] Execution time of AuthServiceImpl.loadUserByUsername :: 2 ms
2022-01-03 16:39:34,828 DEBUG com.pravinkatiyar.onlinetest.aop.LoggingAspect [http-nio-8110-exec-8] Exit: com.pravinkatiyar.onlinetest.service.impl.AuthServiceImpl.loadUserByUsername() with result = com.pravinkatiyar.onlinetest.security.JwtUser@15fd525e
2022-01-03 16:39:34,912 DEBUG com.pravinkatiyar.onlinetest.aop.LoggingAspect [http-nio-8110-exec-9] Enter: com.pravinkatiyar.onlinetest.controller.AuthController.Login() with argument[s] = [User [id=null, username=null, password=pravin, firstName=null, lastName=null, gender=null, email=pravin@gmail.com, phone=null, enabled=true], SecurityContextHolderAwareRequestWrapper[ org.springframework.security.web.header.HeaderWriterFilter$HeaderWriterRequest@18153217], org.springframework.security.web.header.HeaderWriterFilter$HeaderWriterResponse@4853f8f4]
2022-01-03 16:39:34,914 DEBUG com.pravinkatiyar.onlinetest.aop.LoggingAspect [http-nio-8110-exec-9] Enter: com.pravinkatiyar.onlinetest.service.impl.AuthServiceImpl.loadUserByUsername() with argument[s] = [pravin@gmail.com]
2022-01-03 16:39:34,922 INFO com.pravinkatiyar.onlinetest.aop.PerformanceLoggingAspect [http-nio-8110-exec-9] Execution time of AuthServiceImpl.loadUserByUsername :: 8 ms
2022-01-03 16:39:34,922 DEBUG com.pravinkatiyar.onlinetest.aop.LoggingAspect [http-nio-8110-exec-9] Exit: com.pravinkatiyar.onlinetest.service.impl.AuthServiceImpl.loadUserByUsername() with result = com.pravinkatiyar.onlinetest.security.JwtUser@2197929a
2022-01-03 16:39:34,961 DEBUG com.pravinkatiyar.onlinetest.aop.LoggingAspect [http-nio-8110-exec-7] Exit: com.pravinkatiyar.onlinetest.controller.AuthController.Login() with result = <200 OK OK,com.pravinkatiyar.onlinetest.security.UserDTO@16856778,[]>
2022-01-03 16:39:35,025 DEBUG com.pravinkatiyar.onlinetest.aop.LoggingAspect [http-nio-8110-exec-8] Exit: com.pravinkatiyar.onlinetest.controller.AuthController.Login() with result = <200 OK OK,com.pravinkatiyar.onlinetest.security.UserDTO@580ef1d7,[]>
2022-01-03 16:39:35,113 DEBUG com.pravinkatiyar.onlinetest.aop.LoggingAspect [http-nio-8110-exec-9] Exit: com.pravinkatiyar.onlinetest.controller.AuthController.Login() with result = <200 OK OK,com.pravinkatiyar.onlinetest.security.UserDTO@3a25a11d,[]>
2022-01-03 17:09:35,137 ERROR org.apache.catalina.core.ContainerBase.[Tomcat].[localhost].[/].[dispatcherServlet] [http-nio-8110-exec-4] Servlet.service() for servlet [dispatcherServlet] in context with path [] threw exception
org.springframework.security.web.firewall.RequestRejectedException: The request was rejected because the URL contained a potentially malicious String "//"
	at org.springframework.security.web.firewall.StrictHttpFirewall.rejectedBlocklistedUrls(StrictHttpFirewall.java:456)
	at org.springframework.security.web.firewall.StrictHttpFirewall.getFirewalledRequest(StrictHttpFirewall.java:429)
	at org.springframework.security.web.FilterChainProxy.doFilterInternal(FilterChainProxy.java:196)
	at org.springframework.security.web.FilterChainProxy.doFilter(FilterChainProxy.java:183)
	at org.springframework.web.filter.DelegatingFilterProxy.invokeDelegate(DelegatingFilterProxy.java:358)
	at org.springframework.web.filter.DelegatingFilterProxy.doFilter(DelegatingFilterProxy.java:271)
	at org.apache.catalina.core.ApplicationFilterChain.internalDoFilter(ApplicationFilterChain.java:189)
	at org.apache.catalina.core.ApplicationFilterChain.doFilter(ApplicationFilterChain.java:162)
	at org.springframework.web.filter.RequestContextFilter.doFilterInternal(RequestContextFilter.java:100)
	at org.springframework.web.filter.OncePerRequestFilter.doFilter(OncePerRequestFilter.java:119)
	at org.apache.catalina.core.ApplicationFilterChain.internalDoFilter(ApplicationFilterChain.java:189)
	at org.apache.catalina.core.ApplicationFilterChain.doFilter(ApplicationFilterChain.java:162)
	at org.springframework.web.filter.FormContentFilter.doFilterInternal(FormContentFilter.java:93)
	at org.springframework.web.filter.OncePerRequestFilter.doFilter(OncePerRequestFilter.java:119)
	at org.apache.catalina.core.ApplicationFilterChain.internalDoFilter(ApplicationFilterChain.java:189)
	at org.apache.catalina.core.ApplicationFilterChain.doFilter(ApplicationFilterChain.java:162)
	at org.springframework.boot.actuate.metrics.web.servlet.WebMvcMetricsFilter.doFilterInternal(WebMvcMetricsFilter.java:96)
	at org.springframework.web.filter.OncePerRequestFilter.doFilter(OncePerRequestFilter.java:119)
	at org.apache.catalina.core.ApplicationFilterChain.internalDoFilter(ApplicationFilterChain.java:189)
	at org.apache.catalina.core.ApplicationFilterChain.doFilter(ApplicationFilterChain.java:162)
	at org.springframework.web.filter.CharacterEncodingFilter.doFilterInternal(CharacterEncodingFilter.java:201)
	at org.springframework.web.filter.OncePerRequestFilter.doFilter(OncePerRequestFilter.java:119)
	at org.apache.catalina.core.ApplicationFilterChain.internalDoFilter(ApplicationFilterChain.java:189)
	at org.apache.catalina.core.ApplicationFilterChain.doFilter(ApplicationFilterChain.java:162)
	at org.apache.catalina.core.StandardWrapperValve.invoke(StandardWrapperValve.java:197)
	at org.apache.catalina.core.StandardContextValve.invoke(StandardContextValve.java:97)
	at org.apache.catalina.authenticator.AuthenticatorBase.invoke(AuthenticatorBase.java:540)
	at org.apache.catalina.core.StandardHostValve.invoke(StandardHostValve.java:135)
	at org.apache.catalina.valves.ErrorReportValve.invoke(ErrorReportValve.java:92)
	at org.apache.catalina.core.StandardEngineValve.invoke(StandardEngineValve.java:78)
	at org.apache.catalina.connector.CoyoteAdapter.service(CoyoteAdapter.java:357)
	at org.apache.coyote.http11.Http11Processor.service(Http11Processor.java:382)
	at org.apache.coyote.AbstractProcessorLight.process(AbstractProcessorLight.java:65)
	at org.apache.coyote.AbstractProtocol$ConnectionHandler.process(AbstractProtocol.java:895)
	at org.apache.tomcat.util.net.NioEndpoint$SocketProcessor.doRun(NioEndpoint.java:1722)
	at org.apache.tomcat.util.net.SocketProcessorBase.run(SocketProcessorBase.java:49)
	at org.apache.tomcat.util.threads.ThreadPoolExecutor.runWorker(ThreadPoolExecutor.java:1191)
	at org.apache.tomcat.util.threads.ThreadPoolExecutor$Worker.run(ThreadPoolExecutor.java:659)
	at org.apache.tomcat.util.threads.TaskThread$WrappingRunnable.run(TaskThread.java:61)
	at java.base/java.lang.Thread.run(Thread.java:834)
2022-01-03 17:10:04,741 INFO com.pravinkatiyar.onlinetest.OnlinetestApplication [restartedMain] Starting OnlinetestApplication using Java 11.0.11 on DESKTOP-TV14ERS with PID 17840 (G:\workspace\onlinetest\target\classes started by Pravin in G:\workspace\onlinetest)
2022-01-03 17:10:04,741 DEBUG com.pravinkatiyar.onlinetest.OnlinetestApplication [restartedMain] Running with Spring Boot v2.5.7, Spring v5.3.13
2022-01-03 17:10:04,742 INFO com.pravinkatiyar.onlinetest.OnlinetestApplication [restartedMain] No active profile set, falling back to default profiles: default
2022-01-03 17:10:07,520 DEBUG com.pravinkatiyar.onlinetest.security.AuthenticationTokenFilter [restartedMain] Filter 'authenticationTokenFilterBean' configured for use
2022-01-03 17:10:08,663 INFO com.pravinkatiyar.onlinetest.OnlinetestApplication [restartedMain] Started OnlinetestApplication in 3.996 seconds (JVM running for 1928.832)
2022-01-03 17:11:13,229 INFO org.springframework.web.servlet.DispatcherServlet [http-nio-8110-exec-1] Initializing Servlet 'dispatcherServlet'
2022-01-03 17:11:13,233 INFO org.springframework.web.servlet.DispatcherServlet [http-nio-8110-exec-1] Completed initialization in 2 ms
2022-01-03 17:11:13,252 DEBUG com.pravinkatiyar.onlinetest.aop.LoggingAspect [http-nio-8110-exec-2] Enter: com.pravinkatiyar.onlinetest.controller.AuthController.registration() with argument[s] = [User [id=, username=gdvjhds, password=jjsvjd, firstName=sfsd, lastName=fs, gender=Male, email=tt@gmail.com, phone=9874563210, enabled=true]]
2022-01-03 17:11:13,257 DEBUG com.pravinkatiyar.onlinetest.aop.LoggingAspect [http-nio-8110-exec-2] Enter: com.pravinkatiyar.onlinetest.service.impl.AuthServiceImpl.registerUser() with argument[s] = [User [id=, username=gdvjhds, password=jjsvjd, firstName=sfsd, lastName=fs, gender=Male, email=tt@gmail.com, phone=9874563210, enabled=true], [com.pravinkatiyar.onlinetest.entity.UserRole@5fbd5c34]]
2022-01-03 17:11:13,446 INFO com.pravinkatiyar.onlinetest.aop.PerformanceLoggingAspect [http-nio-8110-exec-2] Execution time of AuthServiceImpl.registerUser :: 188 ms
2022-01-03 17:11:13,447 DEBUG com.pravinkatiyar.onlinetest.aop.LoggingAspect [http-nio-8110-exec-2] Exit: com.pravinkatiyar.onlinetest.service.impl.AuthServiceImpl.registerUser() with result = User [id=U_00052, username=gdvjhds, password=$2a$10$eU690X240ug99RhwZGIdE.cegzFAfpInnie35lh1nU3sXaURvHgT6, firstName=sfsd, lastName=fs, gender=Male, email=tt@gmail.com, phone=9874563210, enabled=true]
2022-01-03 17:11:13,457 DEBUG com.pravinkatiyar.onlinetest.aop.LoggingAspect [http-nio-8110-exec-2] Exit: com.pravinkatiyar.onlinetest.controller.AuthController.registration() with result = <200 OK OK,com.pravinkatiyar.onlinetest.security.Response@3c67dec4,[]>
2022-01-03 17:12:41,728 DEBUG com.pravinkatiyar.onlinetest.aop.LoggingAspect [http-nio-8110-exec-4] Enter: com.pravinkatiyar.onlinetest.controller.AuthController.registration() with argument[s] = [User [id=, username=bsdvcs, password=sjdcvjh, firstName=dscjhs, lastName=shdvcjh, gender=Male, email=hgchg@gmail.com, phone=9874563210, enabled=true]]
2022-01-03 17:12:41,731 DEBUG com.pravinkatiyar.onlinetest.aop.LoggingAspect [http-nio-8110-exec-4] Enter: com.pravinkatiyar.onlinetest.service.impl.AuthServiceImpl.registerUser() with argument[s] = [User [id=, username=bsdvcs, password=sjdcvjh, firstName=dscjhs, lastName=shdvcjh, gender=Male, email=hgchg@gmail.com, phone=9874563210, enabled=true], [com.pravinkatiyar.onlinetest.entity.UserRole@4d2924c1]]
2022-01-03 17:12:41,882 INFO com.pravinkatiyar.onlinetest.aop.PerformanceLoggingAspect [http-nio-8110-exec-4] Execution time of AuthServiceImpl.registerUser :: 150 ms
2022-01-03 17:12:41,882 DEBUG com.pravinkatiyar.onlinetest.aop.LoggingAspect [http-nio-8110-exec-4] Exit: com.pravinkatiyar.onlinetest.service.impl.AuthServiceImpl.registerUser() with result = User [id=U_00053, username=bsdvcs, password=$2a$10$pYEPKtxrdLhZuyv6VIt4LOk/rAjMqikh3irJzsa/Nl2uWV9nIZx/a, firstName=dscjhs, lastName=shdvcjh, gender=Male, email=hgchg@gmail.com, phone=9874563210, enabled=true]
2022-01-03 17:12:41,887 DEBUG com.pravinkatiyar.onlinetest.aop.LoggingAspect [http-nio-8110-exec-4] Exit: com.pravinkatiyar.onlinetest.controller.AuthController.registration() with result = <200 OK OK,com.pravinkatiyar.onlinetest.security.Response@42e169ff,[]>
2022-01-03 17:14:37,426 DEBUG com.pravinkatiyar.onlinetest.aop.LoggingAspect [http-nio-8110-exec-6] Enter: com.pravinkatiyar.onlinetest.controller.AuthController.registration() with argument[s] = [User [id=, username=sgfyds, password=hsghdgh, firstName=sdvfsdj, lastName=jvfjds, gender=Female, email=dsvsdgjjy@gmail.com, phone=9632587410, enabled=true]]
2022-01-03 17:14:37,427 DEBUG com.pravinkatiyar.onlinetest.aop.LoggingAspect [http-nio-8110-exec-6] Enter: com.pravinkatiyar.onlinetest.service.impl.AuthServiceImpl.registerUser() with argument[s] = [User [id=, username=sgfyds, password=hsghdgh, firstName=sdvfsdj, lastName=jvfjds, gender=Female, email=dsvsdgjjy@gmail.com, phone=9632587410, enabled=true], [com.pravinkatiyar.onlinetest.entity.UserRole@6e436b43]]
2022-01-03 17:14:37,566 INFO com.pravinkatiyar.onlinetest.aop.PerformanceLoggingAspect [http-nio-8110-exec-6] Execution time of AuthServiceImpl.registerUser :: 138 ms
2022-01-03 17:14:37,567 DEBUG com.pravinkatiyar.onlinetest.aop.LoggingAspect [http-nio-8110-exec-6] Exit: com.pravinkatiyar.onlinetest.service.impl.AuthServiceImpl.registerUser() with result = User [id=U_00054, username=sgfyds, password=$2a$10$DwXO3WR14dsM.BtF/3A9zeSc.vdPr38DrJ1kz61OffYTDGsL3eCcq, firstName=sdvfsdj, lastName=jvfjds, gender=Female, email=dsvsdgjjy@gmail.com, phone=9632587410, enabled=true]
2022-01-03 17:14:37,574 DEBUG com.pravinkatiyar.onlinetest.aop.LoggingAspect [http-nio-8110-exec-6] Exit: com.pravinkatiyar.onlinetest.controller.AuthController.registration() with result = <200 OK OK,com.pravinkatiyar.onlinetest.security.Response@3ecd4260,[]>
2022-01-03 17:21:08,514 DEBUG com.pravinkatiyar.onlinetest.aop.LoggingAspect [http-nio-8110-exec-8] Enter: com.pravinkatiyar.onlinetest.controller.AuthController.registration() with argument[s] = [User [id=, username=gcgcg, password=cgfcg, firstName=cgchg, lastName=cfgcgf, gender=Male, email=tdytd@gmail.com, phone=9874563210, enabled=true]]
2022-01-03 17:21:08,516 DEBUG com.pravinkatiyar.onlinetest.aop.LoggingAspect [http-nio-8110-exec-8] Enter: com.pravinkatiyar.onlinetest.service.impl.AuthServiceImpl.registerUser() with argument[s] = [User [id=, username=gcgcg, password=cgfcg, firstName=cgchg, lastName=cfgcgf, gender=Male, email=tdytd@gmail.com, phone=9874563210, enabled=true], [com.pravinkatiyar.onlinetest.entity.UserRole@6f4398b1]]
2022-01-03 17:21:08,658 INFO com.pravinkatiyar.onlinetest.aop.PerformanceLoggingAspect [http-nio-8110-exec-8] Execution time of AuthServiceImpl.registerUser :: 142 ms
2022-01-03 17:21:08,658 DEBUG com.pravinkatiyar.onlinetest.aop.LoggingAspect [http-nio-8110-exec-8] Exit: com.pravinkatiyar.onlinetest.service.impl.AuthServiceImpl.registerUser() with result = User [id=U_00055, username=gcgcg, password=$2a$10$MAlXj9CLh9yJCB3n8Nlz9OvpuS6X0heQ9z3Pc3HFomzYXQmZS0bQy, firstName=cgchg, lastName=cfgcgf, gender=Male, email=tdytd@gmail.com, phone=9874563210, enabled=true]
2022-01-03 17:21:08,663 DEBUG com.pravinkatiyar.onlinetest.aop.LoggingAspect [http-nio-8110-exec-8] Exit: com.pravinkatiyar.onlinetest.controller.AuthController.registration() with result = <200 OK OK,com.pravinkatiyar.onlinetest.security.Response@66637ba,[]>
2022-01-03 17:21:55,132 DEBUG com.pravinkatiyar.onlinetest.aop.LoggingAspect [http-nio-8110-exec-9] Enter: com.pravinkatiyar.onlinetest.controller.AuthController.registration() with argument[s] = [User [id=, username=gcgcg, password=cgfcg, firstName=cgchg, lastName=cfgcgf, gender=Male, email=td5ytd@gmail.com, phone=9874563210, enabled=true]]
2022-01-03 17:21:55,133 DEBUG com.pravinkatiyar.onlinetest.aop.LoggingAspect [http-nio-8110-exec-9] Enter: com.pravinkatiyar.onlinetest.service.impl.AuthServiceImpl.registerUser() with argument[s] = [User [id=, username=gcgcg, password=cgfcg, firstName=cgchg, lastName=cfgcgf, gender=Male, email=td5ytd@gmail.com, phone=9874563210, enabled=true], [com.pravinkatiyar.onlinetest.entity.UserRole@7c6efcd]]
2022-01-03 17:21:55,272 INFO com.pravinkatiyar.onlinetest.aop.PerformanceLoggingAspect [http-nio-8110-exec-9] Execution time of AuthServiceImpl.registerUser :: 137 ms
2022-01-03 17:21:55,272 DEBUG com.pravinkatiyar.onlinetest.aop.LoggingAspect [http-nio-8110-exec-9] Exit: com.pravinkatiyar.onlinetest.service.impl.AuthServiceImpl.registerUser() with result = User [id=U_00056, username=gcgcg, password=$2a$10$9HPhT9ysoW0RARwncOqxI.rsJhPx7kvmAp0FfezKP5HIrwkKmY8Wm, firstName=cgchg, lastName=cfgcgf, gender=Male, email=td5ytd@gmail.com, phone=9874563210, enabled=true]
2022-01-03 17:21:55,275 DEBUG com.pravinkatiyar.onlinetest.aop.LoggingAspect [http-nio-8110-exec-9] Exit: com.pravinkatiyar.onlinetest.controller.AuthController.registration() with result = <200 OK OK,com.pravinkatiyar.onlinetest.security.Response@71934c44,[]>
2022-01-03 17:25:19,093 INFO com.pravinkatiyar.onlinetest.OnlinetestApplication [restartedMain] Starting OnlinetestApplication using Java 11.0.11 on DESKTOP-TV14ERS with PID 17840 (G:\workspace\onlinetest\target\classes started by Pravin in G:\workspace\onlinetest)
2022-01-03 17:25:19,093 DEBUG com.pravinkatiyar.onlinetest.OnlinetestApplication [restartedMain] Running with Spring Boot v2.5.7, Spring v5.3.13
2022-01-03 17:25:19,093 INFO com.pravinkatiyar.onlinetest.OnlinetestApplication [restartedMain] No active profile set, falling back to default profiles: default
2022-01-03 17:25:20,847 DEBUG com.pravinkatiyar.onlinetest.security.AuthenticationTokenFilter [restartedMain] Filter 'authenticationTokenFilterBean' configured for use
2022-01-03 17:25:22,002 INFO com.pravinkatiyar.onlinetest.OnlinetestApplication [restartedMain] Started OnlinetestApplication in 2.955 seconds (JVM running for 2842.171)
2022-01-03 17:25:31,833 INFO org.springframework.web.servlet.DispatcherServlet [http-nio-8110-exec-1] Initializing Servlet 'dispatcherServlet'
2022-01-03 17:25:31,839 INFO org.springframework.web.servlet.DispatcherServlet [http-nio-8110-exec-1] Completed initialization in 5 ms
2022-01-03 17:25:31,848 DEBUG com.pravinkatiyar.onlinetest.aop.LoggingAspect [http-nio-8110-exec-1] Enter: com.pravinkatiyar.onlinetest.controller.AuthController.registration() with argument[s] = [User [id=, username=gcgcg, password=cgfcg, firstName=cgchg, lastName=cfgcgf, gender=Male, email=td85ytd@gmail.com, phone=9874563210, enabled=true]]
2022-01-03 17:25:31,854 DEBUG com.pravinkatiyar.onlinetest.aop.LoggingAspect [http-nio-8110-exec-1] Enter: com.pravinkatiyar.onlinetest.service.impl.AuthServiceImpl.registerUser() with argument[s] = [User [id=, username=gcgcg, password=cgfcg, firstName=cgchg, lastName=cfgcgf, gender=Male, email=td85ytd@gmail.com, phone=9874563210, enabled=true], [com.pravinkatiyar.onlinetest.entity.UserRole@3e0d48c2]]
2022-01-03 17:25:32,018 INFO com.pravinkatiyar.onlinetest.aop.PerformanceLoggingAspect [http-nio-8110-exec-1] Execution time of AuthServiceImpl.registerUser :: 162 ms
2022-01-03 17:25:32,018 DEBUG com.pravinkatiyar.onlinetest.aop.LoggingAspect [http-nio-8110-exec-1] Exit: com.pravinkatiyar.onlinetest.service.impl.AuthServiceImpl.registerUser() with result = User [id=U_00102, username=gcgcg, password=$2a$10$JNBOYcXfumzowITFWeIDH.Sxo3IuMGMvXDR8B.UY9dgi2J2W96YB6, firstName=cgchg, lastName=cfgcgf, gender=Male, email=td85ytd@gmail.com, phone=9874563210, enabled=true]
2022-01-03 17:25:32,031 DEBUG com.pravinkatiyar.onlinetest.aop.LoggingAspect [http-nio-8110-exec-1] Exit: com.pravinkatiyar.onlinetest.controller.AuthController.registration() with result = <400 BAD_REQUEST Bad Request,User [id=U_00102, username=gcgcg, password=$2a$10$JNBOYcXfumzowITFWeIDH.Sxo3IuMGMvXDR8B.UY9dgi2J2W96YB6, firstName=cgchg, lastName=cfgcgf, gender=Male, email=td85ytd@gmail.com, phone=9874563210, enabled=true],[]>
2022-01-03 17:26:19,930 INFO com.pravinkatiyar.onlinetest.OnlinetestApplication [restartedMain] Starting OnlinetestApplication using Java 11.0.11 on DESKTOP-TV14ERS with PID 17840 (G:\workspace\onlinetest\target\classes started by Pravin in G:\workspace\onlinetest)
2022-01-03 17:26:19,930 DEBUG com.pravinkatiyar.onlinetest.OnlinetestApplication [restartedMain] Running with Spring Boot v2.5.7, Spring v5.3.13
2022-01-03 17:26:19,930 INFO com.pravinkatiyar.onlinetest.OnlinetestApplication [restartedMain] No active profile set, falling back to default profiles: default
2022-01-03 17:26:21,829 DEBUG com.pravinkatiyar.onlinetest.security.AuthenticationTokenFilter [restartedMain] Filter 'authenticationTokenFilterBean' configured for use
2022-01-03 17:26:23,051 INFO com.pravinkatiyar.onlinetest.OnlinetestApplication [restartedMain] Started OnlinetestApplication in 3.161 seconds (JVM running for 2903.22)
2022-01-03 17:26:24,838 INFO org.springframework.web.servlet.DispatcherServlet [http-nio-8110-exec-1] Initializing Servlet 'dispatcherServlet'
2022-01-03 17:26:24,841 INFO org.springframework.web.servlet.DispatcherServlet [http-nio-8110-exec-1] Completed initialization in 3 ms
2022-01-03 17:26:24,849 DEBUG com.pravinkatiyar.onlinetest.aop.LoggingAspect [http-nio-8110-exec-1] Enter: com.pravinkatiyar.onlinetest.controller.AuthController.registration() with argument[s] = [User [id=, username=gcgcg, password=cgfcg, firstName=cgchg, lastName=cfgcgf, gender=Male, email=td85ytd@gmail.com, phone=9874563210, enabled=true]]
2022-01-03 17:26:24,855 DEBUG com.pravinkatiyar.onlinetest.aop.LoggingAspect [http-nio-8110-exec-1] Enter: com.pravinkatiyar.onlinetest.service.impl.AuthServiceImpl.registerUser() with argument[s] = [User [id=, username=gcgcg, password=cgfcg, firstName=cgchg, lastName=cfgcgf, gender=Male, email=td85ytd@gmail.com, phone=9874563210, enabled=true], [com.pravinkatiyar.onlinetest.entity.UserRole@42258340]]
2022-01-03 17:26:24,871 ERROR com.pravinkatiyar.onlinetest.aop.LoggingAspect [http-nio-8110-exec-1] Exception in com.pravinkatiyar.onlinetest.service.impl.AuthServiceImpl.registerUser() with cause = NULL
2022-01-03 17:26:24,876 ERROR com.pravinkatiyar.onlinetest.aop.LoggingAspect [http-nio-8110-exec-1] Exception in com.pravinkatiyar.onlinetest.controller.AuthController.registration() with cause = NULL
2022-01-03 17:26:24,878 ERROR org.apache.catalina.core.ContainerBase.[Tomcat].[localhost].[/].[dispatcherServlet] [http-nio-8110-exec-1] Servlet.service() for servlet [dispatcherServlet] in context with path [] threw exception [Request processing failed; nested exception is com.pravinkatiyar.onlinetest.exception.EmailAlreadyExistsException: user with Email td85ytd@gmail.com is Already Exist] with root cause
com.pravinkatiyar.onlinetest.exception.EmailAlreadyExistsException: user with Email td85ytd@gmail.com is Already Exist
	at com.pravinkatiyar.onlinetest.service.impl.AuthServiceImpl.registerUser(AuthServiceImpl.java:44)
	at com.pravinkatiyar.onlinetest.service.impl.AuthServiceImpl$$FastClassBySpringCGLIB$$634b5149.invoke(<generated>)
	at org.springframework.cglib.proxy.MethodProxy.invoke(MethodProxy.java:218)
	at org.springframework.aop.framework.CglibAopProxy$CglibMethodInvocation.invokeJoinpoint(CglibAopProxy.java:783)
	at org.springframework.aop.framework.ReflectiveMethodInvocation.proceed(ReflectiveMethodInvocation.java:163)
	at org.springframework.aop.framework.CglibAopProxy$CglibMethodInvocation.proceed(CglibAopProxy.java:753)
	at org.springframework.aop.aspectj.MethodInvocationProceedingJoinPoint.proceed(MethodInvocationProceedingJoinPoint.java:89)
	at com.pravinkatiyar.onlinetest.aop.PerformanceLoggingAspect.profileAllMethods(PerformanceLoggingAspect.java:34)
	at java.base/jdk.internal.reflect.NativeMethodAccessorImpl.invoke0(Native Method)
	at java.base/jdk.internal.reflect.NativeMethodAccessorImpl.invoke(NativeMethodAccessorImpl.java:62)
	at java.base/jdk.internal.reflect.DelegatingMethodAccessorImpl.invoke(DelegatingMethodAccessorImpl.java:43)
	at java.base/java.lang.reflect.Method.invoke(Method.java:566)
	at org.springframework.aop.aspectj.AbstractAspectJAdvice.invokeAdviceMethodWithGivenArgs(AbstractAspectJAdvice.java:634)
	at org.springframework.aop.aspectj.AbstractAspectJAdvice.invokeAdviceMethod(AbstractAspectJAdvice.java:624)
	at org.springframework.aop.aspectj.AspectJAroundAdvice.invoke(AspectJAroundAdvice.java:72)
	at org.springframework.aop.framework.ReflectiveMethodInvocation.proceed(ReflectiveMethodInvocation.java:186)
	at org.springframework.aop.framework.CglibAopProxy$CglibMethodInvocation.proceed(CglibAopProxy.java:753)
	at org.springframework.aop.aspectj.AspectJAfterThrowingAdvice.invoke(AspectJAfterThrowingAdvice.java:64)
	at org.springframework.aop.framework.ReflectiveMethodInvocation.proceed(ReflectiveMethodInvocation.java:186)
	at org.springframework.aop.framework.CglibAopProxy$CglibMethodInvocation.proceed(CglibAopProxy.java:753)
	at org.springframework.aop.aspectj.MethodInvocationProceedingJoinPoint.proceed(MethodInvocationProceedingJoinPoint.java:89)
	at com.pravinkatiyar.onlinetest.aop.LoggingAspect.logAround(LoggingAspect.java:57)
	at java.base/jdk.internal.reflect.NativeMethodAccessorImpl.invoke0(Native Method)
	at java.base/jdk.internal.reflect.NativeMethodAccessorImpl.invoke(NativeMethodAccessorImpl.java:62)
	at java.base/jdk.internal.reflect.DelegatingMethodAccessorImpl.invoke(DelegatingMethodAccessorImpl.java:43)
	at java.base/java.lang.reflect.Method.invoke(Method.java:566)
	at org.springframework.aop.aspectj.AbstractAspectJAdvice.invokeAdviceMethodWithGivenArgs(AbstractAspectJAdvice.java:634)
	at org.springframework.aop.aspectj.AbstractAspectJAdvice.invokeAdviceMethod(AbstractAspectJAdvice.java:624)
	at org.springframework.aop.aspectj.AspectJAroundAdvice.invoke(AspectJAroundAdvice.java:72)
	at org.springframework.aop.framework.ReflectiveMethodInvocation.proceed(ReflectiveMethodInvocation.java:186)
	at org.springframework.aop.framework.CglibAopProxy$CglibMethodInvocation.proceed(CglibAopProxy.java:753)
	at org.springframework.transaction.interceptor.TransactionInterceptor$1.proceedWithInvocation(TransactionInterceptor.java:123)
	at org.springframework.transaction.interceptor.TransactionAspectSupport.invokeWithinTransaction(TransactionAspectSupport.java:388)
	at org.springframework.transaction.interceptor.TransactionInterceptor.invoke(TransactionInterceptor.java:119)
	at org.springframework.aop.framework.ReflectiveMethodInvocation.proceed(ReflectiveMethodInvocation.java:186)
	at org.springframework.aop.framework.CglibAopProxy$CglibMethodInvocation.proceed(CglibAopProxy.java:753)
	at org.springframework.aop.interceptor.ExposeInvocationInterceptor.invoke(ExposeInvocationInterceptor.java:97)
	at org.springframework.aop.framework.ReflectiveMethodInvocation.proceed(ReflectiveMethodInvocation.java:186)
	at org.springframework.aop.framework.CglibAopProxy$CglibMethodInvocation.proceed(CglibAopProxy.java:753)
	at org.springframework.aop.framework.CglibAopProxy$DynamicAdvisedInterceptor.intercept(CglibAopProxy.java:698)
	at com.pravinkatiyar.onlinetest.service.impl.AuthServiceImpl$$EnhancerBySpringCGLIB$$c8f8750e.registerUser(<generated>)
	at com.pravinkatiyar.onlinetest.controller.AuthController.registration(AuthController.java:79)
	at com.pravinkatiyar.onlinetest.controller.AuthController$$FastClassBySpringCGLIB$$d2da49c5.invoke(<generated>)
	at org.springframework.cglib.proxy.MethodProxy.invoke(MethodProxy.java:218)
	at org.springframework.aop.framework.CglibAopProxy$CglibMethodInvocation.invokeJoinpoint(CglibAopProxy.java:783)
	at org.springframework.aop.framework.ReflectiveMethodInvocation.proceed(ReflectiveMethodInvocation.java:163)
	at org.springframework.aop.framework.CglibAopProxy$CglibMethodInvocation.proceed(CglibAopProxy.java:753)
	at org.springframework.aop.aspectj.AspectJAfterThrowingAdvice.invoke(AspectJAfterThrowingAdvice.java:64)
	at org.springframework.aop.framework.ReflectiveMethodInvocation.proceed(ReflectiveMethodInvocation.java:186)
	at org.springframework.aop.framework.CglibAopProxy$CglibMethodInvocation.proceed(CglibAopProxy.java:753)
	at org.springframework.aop.aspectj.MethodInvocationProceedingJoinPoint.proceed(MethodInvocationProceedingJoinPoint.java:89)
	at com.pravinkatiyar.onlinetest.aop.LoggingAspect.logAround(LoggingAspect.java:57)
	at java.base/jdk.internal.reflect.NativeMethodAccessorImpl.invoke0(Native Method)
	at java.base/jdk.internal.reflect.NativeMethodAccessorImpl.invoke(NativeMethodAccessorImpl.java:62)
	at java.base/jdk.internal.reflect.DelegatingMethodAccessorImpl.invoke(DelegatingMethodAccessorImpl.java:43)
	at java.base/java.lang.reflect.Method.invoke(Method.java:566)
	at org.springframework.aop.aspectj.AbstractAspectJAdvice.invokeAdviceMethodWithGivenArgs(AbstractAspectJAdvice.java:634)
	at org.springframework.aop.aspectj.AbstractAspectJAdvice.invokeAdviceMethod(AbstractAspectJAdvice.java:624)
	at org.springframework.aop.aspectj.AspectJAroundAdvice.invoke(AspectJAroundAdvice.java:72)
	at org.springframework.aop.framework.ReflectiveMethodInvocation.proceed(ReflectiveMethodInvocation.java:186)
	at org.springframework.aop.framework.CglibAopProxy$CglibMethodInvocation.proceed(CglibAopProxy.java:753)
	at org.springframework.aop.interceptor.ExposeInvocationInterceptor.invoke(ExposeInvocationInterceptor.java:97)
	at org.springframework.aop.framework.ReflectiveMethodInvocation.proceed(ReflectiveMethodInvocation.java:186)
	at org.springframework.aop.framework.CglibAopProxy$CglibMethodInvocation.proceed(CglibAopProxy.java:753)
	at org.springframework.aop.framework.CglibAopProxy$DynamicAdvisedInterceptor.intercept(CglibAopProxy.java:698)
	at com.pravinkatiyar.onlinetest.controller.AuthController$$EnhancerBySpringCGLIB$$6f2b9fe4.registration(<generated>)
	at java.base/jdk.internal.reflect.NativeMethodAccessorImpl.invoke0(Native Method)
	at java.base/jdk.internal.reflect.NativeMethodAccessorImpl.invoke(NativeMethodAccessorImpl.java:62)
	at java.base/jdk.internal.reflect.DelegatingMethodAccessorImpl.invoke(DelegatingMethodAccessorImpl.java:43)
	at java.base/java.lang.reflect.Method.invoke(Method.java:566)
	at org.springframework.web.method.support.InvocableHandlerMethod.doInvoke(InvocableHandlerMethod.java:205)
	at org.springframework.web.method.support.InvocableHandlerMethod.invokeForRequest(InvocableHandlerMethod.java:150)
	at org.springframework.web.servlet.mvc.method.annotation.ServletInvocableHandlerMethod.invokeAndHandle(ServletInvocableHandlerMethod.java:117)
	at org.springframework.web.servlet.mvc.method.annotation.RequestMappingHandlerAdapter.invokeHandlerMethod(RequestMappingHandlerAdapter.java:895)
	at org.springframework.web.servlet.mvc.method.annotation.RequestMappingHandlerAdapter.handleInternal(RequestMappingHandlerAdapter.java:808)
	at org.springframework.web.servlet.mvc.method.AbstractHandlerMethodAdapter.handle(AbstractHandlerMethodAdapter.java:87)
	at org.springframework.web.servlet.DispatcherServlet.doDispatch(DispatcherServlet.java:1067)
	at org.springframework.web.servlet.DispatcherServlet.doService(DispatcherServlet.java:963)
	at org.springframework.web.servlet.FrameworkServlet.processRequest(FrameworkServlet.java:1006)
	at org.springframework.web.servlet.FrameworkServlet.doPost(FrameworkServlet.java:909)
	at javax.servlet.http.HttpServlet.service(HttpServlet.java:681)
	at org.springframework.web.servlet.FrameworkServlet.service(FrameworkServlet.java:883)
	at javax.servlet.http.HttpServlet.service(HttpServlet.java:764)
	at org.apache.catalina.core.ApplicationFilterChain.internalDoFilter(ApplicationFilterChain.java:227)
	at org.apache.catalina.core.ApplicationFilterChain.doFilter(ApplicationFilterChain.java:162)
	at org.apache.tomcat.websocket.server.WsFilter.doFilter(WsFilter.java:53)
	at org.apache.catalina.core.ApplicationFilterChain.internalDoFilter(ApplicationFilterChain.java:189)
	at org.apache.catalina.core.ApplicationFilterChain.doFilter(ApplicationFilterChain.java:162)
	at org.springframework.web.filter.OncePerRequestFilter.doFilter(OncePerRequestFilter.java:113)
	at org.apache.catalina.core.ApplicationFilterChain.internalDoFilter(ApplicationFilterChain.java:189)
	at org.apache.catalina.core.ApplicationFilterChain.doFilter(ApplicationFilterChain.java:162)
	at org.springframework.security.web.FilterChainProxy$VirtualFilterChain.doFilter(FilterChainProxy.java:327)
	at org.springframework.security.web.access.intercept.FilterSecurityInterceptor.invoke(FilterSecurityInterceptor.java:115)
	at org.springframework.security.web.access.intercept.FilterSecurityInterceptor.doFilter(FilterSecurityInterceptor.java:81)
	at org.springframework.security.web.FilterChainProxy$VirtualFilterChain.doFilter(FilterChainProxy.java:336)
	at org.springframework.security.web.access.ExceptionTranslationFilter.doFilter(ExceptionTranslationFilter.java:121)
	at org.springframework.security.web.access.ExceptionTranslationFilter.doFilter(ExceptionTranslationFilter.java:115)
	at org.springframework.security.web.FilterChainProxy$VirtualFilterChain.doFilter(FilterChainProxy.java:336)
	at org.springframework.security.web.session.SessionManagementFilter.doFilter(SessionManagementFilter.java:126)
	at org.springframework.security.web.session.SessionManagementFilter.doFilter(SessionManagementFilter.java:81)
	at org.springframework.security.web.FilterChainProxy$VirtualFilterChain.doFilter(FilterChainProxy.java:336)
	at org.springframework.security.web.authentication.AnonymousAuthenticationFilter.doFilter(AnonymousAuthenticationFilter.java:105)
	at org.springframework.security.web.FilterChainProxy$VirtualFilterChain.doFilter(FilterChainProxy.java:336)
	at org.springframework.security.web.servletapi.SecurityContextHolderAwareRequestFilter.doFilter(SecurityContextHolderAwareRequestFilter.java:149)
	at org.springframework.security.web.FilterChainProxy$VirtualFilterChain.doFilter(FilterChainProxy.java:336)
	at org.springframework.security.web.savedrequest.RequestCacheAwareFilter.doFilter(RequestCacheAwareFilter.java:63)
	at org.springframework.security.web.FilterChainProxy$VirtualFilterChain.doFilter(FilterChainProxy.java:336)
	at com.pravinkatiyar.onlinetest.security.AuthenticationTokenFilter.doFilterInternal(AuthenticationTokenFilter.java:53)
	at org.springframework.web.filter.OncePerRequestFilter.doFilter(OncePerRequestFilter.java:119)
	at org.springframework.security.web.FilterChainProxy$VirtualFilterChain.doFilter(FilterChainProxy.java:336)
	at org.springframework.security.web.authentication.logout.LogoutFilter.doFilter(LogoutFilter.java:103)
	at org.springframework.security.web.authentication.logout.LogoutFilter.doFilter(LogoutFilter.java:89)
	at org.springframework.security.web.FilterChainProxy$VirtualFilterChain.doFilter(FilterChainProxy.java:336)
	at com.pravinkatiyar.onlinetest.security.CsrfHeaderFilter.doFilterInternal(CsrfHeaderFilter.java:31)
	at org.springframework.web.filter.OncePerRequestFilter.doFilter(OncePerRequestFilter.java:119)
	at org.springframework.security.web.FilterChainProxy$VirtualFilterChain.doFilter(FilterChainProxy.java:336)
	at org.springframework.security.web.header.HeaderWriterFilter.doHeadersAfter(HeaderWriterFilter.java:90)
	at org.springframework.security.web.header.HeaderWriterFilter.doFilterInternal(HeaderWriterFilter.java:75)
	at org.springframework.web.filter.OncePerRequestFilter.doFilter(OncePerRequestFilter.java:119)
	at org.springframework.security.web.FilterChainProxy$VirtualFilterChain.doFilter(FilterChainProxy.java:336)
	at org.springframework.security.web.context.SecurityContextPersistenceFilter.doFilter(SecurityContextPersistenceFilter.java:110)
	at org.springframework.security.web.context.SecurityContextPersistenceFilter.doFilter(SecurityContextPersistenceFilter.java:80)
	at org.springframework.security.web.FilterChainProxy$VirtualFilterChain.doFilter(FilterChainProxy.java:336)
	at org.springframework.security.web.context.request.async.WebAsyncManagerIntegrationFilter.doFilterInternal(WebAsyncManagerIntegrationFilter.java:55)
	at org.springframework.web.filter.OncePerRequestFilter.doFilter(OncePerRequestFilter.java:119)
	at org.springframework.security.web.FilterChainProxy$VirtualFilterChain.doFilter(FilterChainProxy.java:336)
	at org.springframework.security.web.FilterChainProxy.doFilterInternal(FilterChainProxy.java:211)
	at org.springframework.security.web.FilterChainProxy.doFilter(FilterChainProxy.java:183)
	at org.springframework.web.filter.DelegatingFilterProxy.invokeDelegate(DelegatingFilterProxy.java:358)
	at org.springframework.web.filter.DelegatingFilterProxy.doFilter(DelegatingFilterProxy.java:271)
	at org.apache.catalina.core.ApplicationFilterChain.internalDoFilter(ApplicationFilterChain.java:189)
	at org.apache.catalina.core.ApplicationFilterChain.doFilter(ApplicationFilterChain.java:162)
	at org.springframework.web.filter.RequestContextFilter.doFilterInternal(RequestContextFilter.java:100)
	at org.springframework.web.filter.OncePerRequestFilter.doFilter(OncePerRequestFilter.java:119)
	at org.apache.catalina.core.ApplicationFilterChain.internalDoFilter(ApplicationFilterChain.java:189)
	at org.apache.catalina.core.ApplicationFilterChain.doFilter(ApplicationFilterChain.java:162)
	at org.springframework.web.filter.FormContentFilter.doFilterInternal(FormContentFilter.java:93)
	at org.springframework.web.filter.OncePerRequestFilter.doFilter(OncePerRequestFilter.java:119)
	at org.apache.catalina.core.ApplicationFilterChain.internalDoFilter(ApplicationFilterChain.java:189)
	at org.apache.catalina.core.ApplicationFilterChain.doFilter(ApplicationFilterChain.java:162)
	at org.springframework.boot.actuate.metrics.web.servlet.WebMvcMetricsFilter.doFilterInternal(WebMvcMetricsFilter.java:96)
	at org.springframework.web.filter.OncePerRequestFilter.doFilter(OncePerRequestFilter.java:119)
	at org.apache.catalina.core.ApplicationFilterChain.internalDoFilter(ApplicationFilterChain.java:189)
	at org.apache.catalina.core.ApplicationFilterChain.doFilter(ApplicationFilterChain.java:162)
	at org.springframework.web.filter.CharacterEncodingFilter.doFilterInternal(CharacterEncodingFilter.java:201)
	at org.springframework.web.filter.OncePerRequestFilter.doFilter(OncePerRequestFilter.java:119)
	at org.apache.catalina.core.ApplicationFilterChain.internalDoFilter(ApplicationFilterChain.java:189)
	at org.apache.catalina.core.ApplicationFilterChain.doFilter(ApplicationFilterChain.java:162)
	at org.apache.catalina.core.StandardWrapperValve.invoke(StandardWrapperValve.java:197)
	at org.apache.catalina.core.StandardContextValve.invoke(StandardContextValve.java:97)
	at org.apache.catalina.authenticator.AuthenticatorBase.invoke(AuthenticatorBase.java:540)
	at org.apache.catalina.core.StandardHostValve.invoke(StandardHostValve.java:135)
	at org.apache.catalina.valves.ErrorReportValve.invoke(ErrorReportValve.java:92)
	at org.apache.catalina.core.StandardEngineValve.invoke(StandardEngineValve.java:78)
	at org.apache.catalina.connector.CoyoteAdapter.service(CoyoteAdapter.java:357)
	at org.apache.coyote.http11.Http11Processor.service(Http11Processor.java:382)
	at org.apache.coyote.AbstractProcessorLight.process(AbstractProcessorLight.java:65)
	at org.apache.coyote.AbstractProtocol$ConnectionHandler.process(AbstractProtocol.java:895)
	at org.apache.tomcat.util.net.NioEndpoint$SocketProcessor.doRun(NioEndpoint.java:1722)
	at org.apache.tomcat.util.net.SocketProcessorBase.run(SocketProcessorBase.java:49)
	at org.apache.tomcat.util.threads.ThreadPoolExecutor.runWorker(ThreadPoolExecutor.java:1191)
	at org.apache.tomcat.util.threads.ThreadPoolExecutor$Worker.run(ThreadPoolExecutor.java:659)
	at org.apache.tomcat.util.threads.TaskThread$WrappingRunnable.run(TaskThread.java:61)
	at java.base/java.lang.Thread.run(Thread.java:834)
2022-01-03 17:26:31,773 DEBUG com.pravinkatiyar.onlinetest.aop.LoggingAspect [http-nio-8110-exec-2] Enter: com.pravinkatiyar.onlinetest.controller.AuthController.registration() with argument[s] = [User [id=, username=gcgcg, password=cgfcg, firstName=cgchg, lastName=cfgcgf, gender=Male, email=td85yt7d@gmail.com, phone=9874563210, enabled=true]]
2022-01-03 17:26:31,777 DEBUG com.pravinkatiyar.onlinetest.aop.LoggingAspect [http-nio-8110-exec-2] Enter: com.pravinkatiyar.onlinetest.service.impl.AuthServiceImpl.registerUser() with argument[s] = [User [id=, username=gcgcg, password=cgfcg, firstName=cgchg, lastName=cfgcgf, gender=Male, email=td85yt7d@gmail.com, phone=9874563210, enabled=true], [com.pravinkatiyar.onlinetest.entity.UserRole@a25c9ce]]
2022-01-03 17:26:31,935 INFO com.pravinkatiyar.onlinetest.aop.PerformanceLoggingAspect [http-nio-8110-exec-2] Execution time of AuthServiceImpl.registerUser :: 156 ms
2022-01-03 17:26:31,935 DEBUG com.pravinkatiyar.onlinetest.aop.LoggingAspect [http-nio-8110-exec-2] Exit: com.pravinkatiyar.onlinetest.service.impl.AuthServiceImpl.registerUser() with result = User [id=U_00152, username=gcgcg, password=$2a$10$8qzgegb6Hn3BtnX1KSnZ1u2bL5cRnQgwVX.jQyZPusC4EMHBD0qxC, firstName=cgchg, lastName=cfgcgf, gender=Male, email=td85yt7d@gmail.com, phone=9874563210, enabled=true]
2022-01-03 17:26:31,944 DEBUG com.pravinkatiyar.onlinetest.aop.LoggingAspect [http-nio-8110-exec-2] Exit: com.pravinkatiyar.onlinetest.controller.AuthController.registration() with result = <200 OK OK,User [id=U_00152, username=gcgcg, password=$2a$10$8qzgegb6Hn3BtnX1KSnZ1u2bL5cRnQgwVX.jQyZPusC4EMHBD0qxC, firstName=cgchg, lastName=cfgcgf, gender=Male, email=td85yt7d@gmail.com, phone=9874563210, enabled=true],[]>
2022-01-03 17:27:12,625 DEBUG com.pravinkatiyar.onlinetest.aop.LoggingAspect [http-nio-8110-exec-4] Enter: com.pravinkatiyar.onlinetest.controller.AuthController.registration() with argument[s] = [User [id=, username=gasvdhgas, password=hsdvh, firstName=jsdvchj, lastName=sdvs, gender=Female, email=shfhj@gmail.com, phone=9632587410, enabled=true]]
2022-01-03 17:27:12,627 DEBUG com.pravinkatiyar.onlinetest.aop.LoggingAspect [http-nio-8110-exec-4] Enter: com.pravinkatiyar.onlinetest.service.impl.AuthServiceImpl.registerUser() with argument[s] = [User [id=, username=gasvdhgas, password=hsdvh, firstName=jsdvchj, lastName=sdvs, gender=Female, email=shfhj@gmail.com, phone=9632587410, enabled=true], [com.pravinkatiyar.onlinetest.entity.UserRole@508a2ea3]]
2022-01-03 17:27:12,767 INFO com.pravinkatiyar.onlinetest.aop.PerformanceLoggingAspect [http-nio-8110-exec-4] Execution time of AuthServiceImpl.registerUser :: 140 ms
2022-01-03 17:27:12,767 DEBUG com.pravinkatiyar.onlinetest.aop.LoggingAspect [http-nio-8110-exec-4] Exit: com.pravinkatiyar.onlinetest.service.impl.AuthServiceImpl.registerUser() with result = User [id=U_00153, username=gasvdhgas, password=$2a$10$QBJ4rJRaATu.ayl3YUnogefSWbPWC/NT8U/fMYqO.afR5k4KR1U0K, firstName=jsdvchj, lastName=sdvs, gender=Female, email=shfhj@gmail.com, phone=9632587410, enabled=true]
2022-01-03 17:27:12,771 DEBUG com.pravinkatiyar.onlinetest.aop.LoggingAspect [http-nio-8110-exec-4] Exit: com.pravinkatiyar.onlinetest.controller.AuthController.registration() with result = <200 OK OK,User [id=U_00153, username=gasvdhgas, password=$2a$10$QBJ4rJRaATu.ayl3YUnogefSWbPWC/NT8U/fMYqO.afR5k4KR1U0K, firstName=jsdvchj, lastName=sdvs, gender=Female, email=shfhj@gmail.com, phone=9632587410, enabled=true],[]>
