2021-12-31 19:26:31,488 DEBUG com.pravinkatiyar.onlinetest.aop.LoggingAspect [http-nio-8110-exec-4] Exit: com.pravinkatiyar.onlinetest.service.impl.UserServiceImpl.getAllUsers() with result = [User [id=U_01, username=pravin, password=null, firstName=pravin, lastName=null, gender=null, email=hgchg, phone=null, enabled=true]]
2021-12-31 19:26:31,492 DEBUG com.pravinkatiyar.onlinetest.aop.LoggingAspect [http-nio-8110-exec-4] Exit: com.pravinkatiyar.onlinetest.controller.UserController.getAllUsers() with result = <200 OK OK,[User [id=U_01, username=pravin, password=null, firstName=pravin, lastName=null, gender=null, email=hgchg, phone=null, enabled=true]],[]>
2021-12-31 19:26:32,339 DEBUG com.pravinkatiyar.onlinetest.aop.LoggingAspect [http-nio-8110-exec-5] Enter: com.pravinkatiyar.onlinetest.controller.UserController.getAllUsers() with argument[s] = []
2021-12-31 19:26:32,341 DEBUG com.pravinkatiyar.onlinetest.aop.LoggingAspect [http-nio-8110-exec-5] Enter: com.pravinkatiyar.onlinetest.service.impl.UserServiceImpl.getAllUsers() with argument[s] = []
2021-12-31 19:26:32,345 INFO com.pravinkatiyar.onlinetest.aop.PerformanceLoggingAspect [http-nio-8110-exec-5] Execution time of UserServiceImpl.getAllUsers :: 4 ms
2021-12-31 19:26:32,346 DEBUG com.pravinkatiyar.onlinetest.aop.LoggingAspect [http-nio-8110-exec-5] Exit: com.pravinkatiyar.onlinetest.service.impl.UserServiceImpl.getAllUsers() with result = [User [id=U_01, username=pravin, password=null, firstName=pravin, lastName=null, gender=null, email=hgchg, phone=null, enabled=true]]
2021-12-31 19:26:32,346 DEBUG com.pravinkatiyar.onlinetest.aop.LoggingAspect [http-nio-8110-exec-5] Exit: com.pravinkatiyar.onlinetest.controller.UserController.getAllUsers() with result = <200 OK OK,[User [id=U_01, username=pravin, password=null, firstName=pravin, lastName=null, gender=null, email=hgchg, phone=null, enabled=true]],[]>
2021-12-31 19:28:57,228 INFO com.pravinkatiyar.onlinetest.OnlinetestApplication [restartedMain] Starting OnlinetestApplication using Java 11.0.11 on DESKTOP-TV14ERS with PID 5952 (E:\Java_Workspace\JavaWorkspace\onlinetest\target\classes started by Pravin in E:\Java_Workspace\JavaWorkspace\onlinetest)
2021-12-31 19:28:57,233 DEBUG com.pravinkatiyar.onlinetest.OnlinetestApplication [restartedMain] Running with Spring Boot v2.5.5, Spring v5.3.10
2021-12-31 19:28:57,234 INFO com.pravinkatiyar.onlinetest.OnlinetestApplication [restartedMain] No active profile set, falling back to default profiles: default
2021-12-31 19:29:07,654 INFO com.pravinkatiyar.onlinetest.OnlinetestApplication [restartedMain] Started OnlinetestApplication in 11.414 seconds (JVM running for 14.033)
2021-12-31 19:29:27,562 INFO com.pravinkatiyar.onlinetest.OnlinetestApplication [restartedMain] Starting OnlinetestApplication using Java 11.0.11 on DESKTOP-TV14ERS with PID 5952 (E:\Java_Workspace\JavaWorkspace\onlinetest\target\classes started by Pravin in E:\Java_Workspace\JavaWorkspace\onlinetest)
2021-12-31 19:29:27,562 DEBUG com.pravinkatiyar.onlinetest.OnlinetestApplication [restartedMain] Running with Spring Boot v2.5.5, Spring v5.3.10
2021-12-31 19:29:27,564 INFO com.pravinkatiyar.onlinetest.OnlinetestApplication [restartedMain] No active profile set, falling back to default profiles: default
2021-12-31 19:29:31,096 INFO org.springframework.web.servlet.DispatcherServlet [http-nio-8110-exec-1] Initializing Servlet 'dispatcherServlet'
2021-12-31 19:29:31,100 INFO org.springframework.web.servlet.DispatcherServlet [http-nio-8110-exec-1] Completed initialization in 2 ms
2021-12-31 19:29:31,122 INFO com.pravinkatiyar.onlinetest.OnlinetestApplication [restartedMain] Started OnlinetestApplication in 3.643 seconds (JVM running for 37.501)
2021-12-31 19:29:31,144 DEBUG com.pravinkatiyar.onlinetest.aop.LoggingAspect [http-nio-8110-exec-1] Enter: com.pravinkatiyar.onlinetest.controller.UserController.getAllUsers() with argument[s] = []
2021-12-31 19:29:31,167 DEBUG com.pravinkatiyar.onlinetest.aop.LoggingAspect [http-nio-8110-exec-1] Enter: com.pravinkatiyar.onlinetest.service.impl.UserServiceImpl.getAllUsers() with argument[s] = []
2021-12-31 19:29:31,445 INFO com.pravinkatiyar.onlinetest.aop.PerformanceLoggingAspect [http-nio-8110-exec-1] Execution time of UserServiceImpl.getAllUsers :: 268 ms
2021-12-31 19:29:31,445 DEBUG com.pravinkatiyar.onlinetest.aop.LoggingAspect [http-nio-8110-exec-1] Exit: com.pravinkatiyar.onlinetest.service.impl.UserServiceImpl.getAllUsers() with result = [User [id=U_01, username=pravin, password=null, firstName=pravin, lastName=null, gender=null, email=hgchg, phone=null, enabled=true]]
2021-12-31 19:29:31,486 DEBUG com.pravinkatiyar.onlinetest.aop.LoggingAspect [http-nio-8110-exec-1] Exit: com.pravinkatiyar.onlinetest.controller.UserController.getAllUsers() with result = <200 OK OK,[User [id=U_01, username=pravin, password=null, firstName=pravin, lastName=null, gender=null, email=hgchg, phone=null, enabled=true]],[]>
2021-12-31 19:30:13,534 DEBUG com.pravinkatiyar.onlinetest.aop.LoggingAspect [http-nio-8110-exec-2] Enter: com.pravinkatiyar.onlinetest.controller.UserController.getAllUsers() with argument[s] = []
2021-12-31 19:30:13,535 DEBUG com.pravinkatiyar.onlinetest.aop.LoggingAspect [http-nio-8110-exec-2] Enter: com.pravinkatiyar.onlinetest.service.impl.UserServiceImpl.getAllUsers() with argument[s] = []
