2021-12-31 19:25:23,987 DEBUG com.pravinkatiyar.onlinetest.aop.LoggingAspect [http-nio-8110-exec-9] Enter: com.pravinkatiyar.onlinetest.service.impl.UserServiceImpl.getAllUsers() with argument[s] = []
2021-12-31 19:25:23,997 INFO com.pravinkatiyar.onlinetest.aop.PerformanceLoggingAspect [http-nio-8110-exec-9] Execution time of UserServiceImpl.getAllUsers :: 5 ms
2021-12-31 19:25:23,997 DEBUG com.pravinkatiyar.onlinetest.aop.LoggingAspect [http-nio-8110-exec-9] Exit: com.pravinkatiyar.onlinetest.service.impl.UserServiceImpl.getAllUsers() with result = [User [id=U_01, username=pravin, password=null, firstName=pravin, lastName=null, gender=null, email=hgchg, phone=null, enabled=true]]
2021-12-31 19:25:23,997 DEBUG com.pravinkatiyar.onlinetest.aop.LoggingAspect [http-nio-8110-exec-9] Exit: com.pravinkatiyar.onlinetest.controller.UserController.getAllUsers() with result = <200 OK OK,[User [id=U_01, username=pravin, password=null, firstName=pravin, lastName=null, gender=null, email=hgchg, phone=null, enabled=true]],[]>
2021-12-31 19:25:53,418 DEBUG com.pravinkatiyar.onlinetest.aop.LoggingAspect [http-nio-8110-exec-10] Enter: com.pravinkatiyar.onlinetest.controller.UserController.getAllUsers() with argument[s] = []
2021-12-31 19:25:53,419 DEBUG com.pravinkatiyar.onlinetest.aop.LoggingAspect [http-nio-8110-exec-10] Enter: com.pravinkatiyar.onlinetest.service.impl.UserServiceImpl.getAllUsers() with argument[s] = []
2021-12-31 19:25:53,425 INFO com.pravinkatiyar.onlinetest.aop.PerformanceLoggingAspect [http-nio-8110-exec-10] Execution time of UserServiceImpl.getAllUsers :: 5 ms
2021-12-31 19:25:53,425 DEBUG com.pravinkatiyar.onlinetest.aop.LoggingAspect [http-nio-8110-exec-10] Exit: com.pravinkatiyar.onlinetest.service.impl.UserServiceImpl.getAllUsers() with result = [User [id=U_01, username=pravin, password=null, firstName=pravin, lastName=null, gender=null, email=hgchg, phone=null, enabled=true]]
2021-12-31 19:25:53,425 DEBUG com.pravinkatiyar.onlinetest.aop.LoggingAspect [http-nio-8110-exec-10] Exit: com.pravinkatiyar.onlinetest.controller.UserController.getAllUsers() with result = <200 OK OK,[User [id=U_01, username=pravin, password=null, firstName=pravin, lastName=null, gender=null, email=hgchg, phone=null, enabled=true]],[]>
2021-12-31 19:26:04,900 DEBUG com.pravinkatiyar.onlinetest.aop.LoggingAspect [http-nio-8110-exec-1] Enter: com.pravinkatiyar.onlinetest.controller.UserController.getAllUsers() with argument[s] = []
2021-12-31 19:26:04,900 DEBUG com.pravinkatiyar.onlinetest.aop.LoggingAspect [http-nio-8110-exec-1] Enter: com.pravinkatiyar.onlinetest.service.impl.UserServiceImpl.getAllUsers() with argument[s] = []
2021-12-31 19:26:04,904 INFO com.pravinkatiyar.onlinetest.aop.PerformanceLoggingAspect [http-nio-8110-exec-1] Execution time of UserServiceImpl.getAllUsers :: 4 ms
2021-12-31 19:26:04,905 DEBUG com.pravinkatiyar.onlinetest.aop.LoggingAspect [http-nio-8110-exec-1] Exit: com.pravinkatiyar.onlinetest.service.impl.UserServiceImpl.getAllUsers() with result = [User [id=U_01, username=pravin, password=null, firstName=pravin, lastName=null, gender=null, email=hgchg, phone=null, enabled=true]]
2021-12-31 19:26:04,905 DEBUG com.pravinkatiyar.onlinetest.aop.LoggingAspect [http-nio-8110-exec-1] Exit: com.pravinkatiyar.onlinetest.controller.UserController.getAllUsers() with result = <200 OK OK,[User [id=U_01, username=pravin, password=null, firstName=pravin, lastName=null, gender=null, email=hgchg, phone=null, enabled=true]],[]>
2021-12-31 19:26:12,555 DEBUG com.pravinkatiyar.onlinetest.aop.LoggingAspect [http-nio-8110-exec-2] Enter: com.pravinkatiyar.onlinetest.controller.UserController.getAllUsers() with argument[s] = []
2021-12-31 19:26:12,556 DEBUG com.pravinkatiyar.onlinetest.aop.LoggingAspect [http-nio-8110-exec-2] Enter: com.pravinkatiyar.onlinetest.service.impl.UserServiceImpl.getAllUsers() with argument[s] = []
2021-12-31 19:26:12,560 INFO com.pravinkatiyar.onlinetest.aop.PerformanceLoggingAspect [http-nio-8110-exec-2] Execution time of UserServiceImpl.getAllUsers :: 3 ms
2021-12-31 19:26:12,560 DEBUG com.pravinkatiyar.onlinetest.aop.LoggingAspect [http-nio-8110-exec-2] Exit: com.pravinkatiyar.onlinetest.service.impl.UserServiceImpl.getAllUsers() with result = [User [id=U_01, username=pravin, password=null, firstName=pravin, lastName=null, gender=null, email=hgchg, phone=null, enabled=true]]
2021-12-31 19:26:12,560 DEBUG com.pravinkatiyar.onlinetest.aop.LoggingAspect [http-nio-8110-exec-2] Exit: com.pravinkatiyar.onlinetest.controller.UserController.getAllUsers() with result = <200 OK OK,[User [id=U_01, username=pravin, password=null, firstName=pravin, lastName=null, gender=null, email=hgchg, phone=null, enabled=true]],[]>
2021-12-31 19:26:31,484 DEBUG com.pravinkatiyar.onlinetest.aop.LoggingAspect [http-nio-8110-exec-4] Enter: com.pravinkatiyar.onlinetest.controller.UserController.getAllUsers() with argument[s] = []
2021-12-31 19:26:31,484 DEBUG com.pravinkatiyar.onlinetest.aop.LoggingAspect [http-nio-8110-exec-4] Enter: com.pravinkatiyar.onlinetest.service.impl.UserServiceImpl.getAllUsers() with argument[s] = []
2021-12-31 19:26:31,488 INFO com.pravinkatiyar.onlinetest.aop.PerformanceLoggingAspect [http-nio-8110-exec-4] Execution time of UserServiceImpl.getAllUsers :: 3 ms
