2021-12-31 19:25:22,901 INFO com.pravinkatiyar.onlinetest.aop.PerformanceLoggingAspect [http-nio-8110-exec-4] Execution time of UserServiceImpl.getAllUsers :: 3 ms
2021-12-31 19:25:22,906 DEBUG com.pravinkatiyar.onlinetest.aop.LoggingAspect [http-nio-8110-exec-4] Exit: com.pravinkatiyar.onlinetest.service.impl.UserServiceImpl.getAllUsers() with result = [User [id=U_01, username=pravin, password=null, firstName=pravin, lastName=null, gender=null, email=hgchg, phone=null, enabled=true]]
2021-12-31 19:25:22,906 DEBUG com.pravinkatiyar.onlinetest.aop.LoggingAspect [http-nio-8110-exec-4] Exit: com.pravinkatiyar.onlinetest.controller.UserController.getAllUsers() with result = <200 OK OK,[User [id=U_01, username=pravin, password=null, firstName=pravin, lastName=null, gender=null, email=hgchg, phone=null, enabled=true]],[]>
2021-12-31 19:25:22,916 DEBUG com.pravinkatiyar.onlinetest.aop.LoggingAspect [http-nio-8110-exec-5] Enter: com.pravinkatiyar.onlinetest.controller.UserController.getAllUsers() with argument[s] = []
2021-12-31 19:25:22,917 DEBUG com.pravinkatiyar.onlinetest.aop.LoggingAspect [http-nio-8110-exec-5] Enter: com.pravinkatiyar.onlinetest.service.impl.UserServiceImpl.getAllUsers() with argument[s] = []
2021-12-31 19:25:22,923 INFO com.pravinkatiyar.onlinetest.aop.PerformanceLoggingAspect [http-nio-8110-exec-5] Execution time of UserServiceImpl.getAllUsers :: 5 ms
2021-12-31 19:25:22,924 DEBUG com.pravinkatiyar.onlinetest.aop.LoggingAspect [http-nio-8110-exec-5] Exit: com.pravinkatiyar.onlinetest.service.impl.UserServiceImpl.getAllUsers() with result = [User [id=U_01, username=pravin, password=null, firstName=pravin, lastName=null, gender=null, email=hgchg, phone=null, enabled=true]]
2021-12-31 19:25:22,924 DEBUG com.pravinkatiyar.onlinetest.aop.LoggingAspect [http-nio-8110-exec-5] Exit: com.pravinkatiyar.onlinetest.controller.UserController.getAllUsers() with result = <200 OK OK,[User [id=U_01, username=pravin, password=null, firstName=pravin, lastName=null, gender=null, email=hgchg, phone=null, enabled=true]],[]>
2021-12-31 19:25:23,355 DEBUG com.pravinkatiyar.onlinetest.aop.LoggingAspect [http-nio-8110-exec-6] Enter: com.pravinkatiyar.onlinetest.controller.UserController.getAllUsers() with argument[s] = []
2021-12-31 19:25:23,356 DEBUG com.pravinkatiyar.onlinetest.aop.LoggingAspect [http-nio-8110-exec-6] Enter: com.pravinkatiyar.onlinetest.service.impl.UserServiceImpl.getAllUsers() with argument[s] = []
2021-12-31 19:25:23,364 INFO com.pravinkatiyar.onlinetest.aop.PerformanceLoggingAspect [http-nio-8110-exec-6] Execution time of UserServiceImpl.getAllUsers :: 8 ms
2021-12-31 19:25:23,364 DEBUG com.pravinkatiyar.onlinetest.aop.LoggingAspect [http-nio-8110-exec-6] Exit: com.pravinkatiyar.onlinetest.service.impl.UserServiceImpl.getAllUsers() with result = [User [id=U_01, username=pravin, password=null, firstName=pravin, lastName=null, gender=null, email=hgchg, phone=null, enabled=true]]
2021-12-31 19:25:23,365 DEBUG com.pravinkatiyar.onlinetest.aop.LoggingAspect [http-nio-8110-exec-6] Exit: com.pravinkatiyar.onlinetest.controller.UserController.getAllUsers() with result = <200 OK OK,[User [id=U_01, username=pravin, password=null, firstName=pravin, lastName=null, gender=null, email=hgchg, phone=null, enabled=true]],[]>
2021-12-31 19:25:23,374 DEBUG com.pravinkatiyar.onlinetest.aop.LoggingAspect [http-nio-8110-exec-7] Enter: com.pravinkatiyar.onlinetest.controller.UserController.getAllUsers() with argument[s] = []
2021-12-31 19:25:23,374 DEBUG com.pravinkatiyar.onlinetest.aop.LoggingAspect [http-nio-8110-exec-7] Enter: com.pravinkatiyar.onlinetest.service.impl.UserServiceImpl.getAllUsers() with argument[s] = []
2021-12-31 19:25:23,379 INFO com.pravinkatiyar.onlinetest.aop.PerformanceLoggingAspect [http-nio-8110-exec-7] Execution time of UserServiceImpl.getAllUsers :: 4 ms
2021-12-31 19:25:23,380 DEBUG com.pravinkatiyar.onlinetest.aop.LoggingAspect [http-nio-8110-exec-7] Exit: com.pravinkatiyar.onlinetest.service.impl.UserServiceImpl.getAllUsers() with result = [User [id=U_01, username=pravin, password=null, firstName=pravin, lastName=null, gender=null, email=hgchg, phone=null, enabled=true]]
2021-12-31 19:25:23,380 DEBUG com.pravinkatiyar.onlinetest.aop.LoggingAspect [http-nio-8110-exec-7] Exit: com.pravinkatiyar.onlinetest.controller.UserController.getAllUsers() with result = <200 OK OK,[User [id=U_01, username=pravin, password=null, firstName=pravin, lastName=null, gender=null, email=hgchg, phone=null, enabled=true]],[]>
2021-12-31 19:25:23,946 DEBUG com.pravinkatiyar.onlinetest.aop.LoggingAspect [http-nio-8110-exec-8] Enter: com.pravinkatiyar.onlinetest.controller.UserController.getAllUsers() with argument[s] = []
2021-12-31 19:25:23,947 DEBUG com.pravinkatiyar.onlinetest.aop.LoggingAspect [http-nio-8110-exec-8] Enter: com.pravinkatiyar.onlinetest.service.impl.UserServiceImpl.getAllUsers() with argument[s] = []
2021-12-31 19:25:23,954 INFO com.pravinkatiyar.onlinetest.aop.PerformanceLoggingAspect [http-nio-8110-exec-8] Execution time of UserServiceImpl.getAllUsers :: 6 ms
2021-12-31 19:25:23,955 DEBUG com.pravinkatiyar.onlinetest.aop.LoggingAspect [http-nio-8110-exec-8] Exit: com.pravinkatiyar.onlinetest.service.impl.UserServiceImpl.getAllUsers() with result = [User [id=U_01, username=pravin, password=null, firstName=pravin, lastName=null, gender=null, email=hgchg, phone=null, enabled=true]]
2021-12-31 19:25:23,955 DEBUG com.pravinkatiyar.onlinetest.aop.LoggingAspect [http-nio-8110-exec-8] Exit: com.pravinkatiyar.onlinetest.controller.UserController.getAllUsers() with result = <200 OK OK,[User [id=U_01, username=pravin, password=null, firstName=pravin, lastName=null, gender=null, email=hgchg, phone=null, enabled=true]],[]>
2021-12-31 19:25:23,987 DEBUG com.pravinkatiyar.onlinetest.aop.LoggingAspect [http-nio-8110-exec-9] Enter: com.pravinkatiyar.onlinetest.controller.UserController.getAllUsers() with argument[s] = []
