2022-01-03 15:53:27,472 ERROR org.springframework.boot.SpringApplication [restartedMain] Application run failed
org.springframework.beans.factory.BeanCreationException: Error creating bean with name 'authController' defined in file [G:\workspace\onlinetest\target\classes\com\pravinkatiyar\onlinetest\controller\AuthController.class]: Instantiation of bean failed; nested exception is org.springframework.beans.BeanInstantiationException: Failed to instantiate [com.pravinkatiyar.onlinetest.controller.AuthController]: Constructor threw exception; nested exception is java.lang.Error: Unresolved compilation problems: 
	The import com.pravinkatiyar.onlinetest.security.JwTokenUtil cannot be resolved
	The import com.pravinkatiyar.onlinetest.security.JwtUser cannot be resolved
	JwTokenUtil cannot be resolved to a type
	JwtUser cannot be resolved to a type
	JwtUser cannot be resolved to a type
	JwTokenUtil cannot be resolved to a type

	at org.springframework.beans.factory.support.AbstractAutowireCapableBeanFactory.instantiateBean(AbstractAutowireCapableBeanFactory.java:1334)
	at org.springframework.beans.factory.support.AbstractAutowireCapableBeanFactory.createBeanInstance(AbstractAutowireCapableBeanFactory.java:1232)
	at org.springframework.beans.factory.support.AbstractAutowireCapableBeanFactory.doCreateBean(AbstractAutowireCapableBeanFactory.java:582)
	at org.springframework.beans.factory.support.AbstractAutowireCapableBeanFactory.createBean(AbstractAutowireCapableBeanFactory.java:542)
	at org.springframework.beans.factory.support.AbstractBeanFactory.lambda$doGetBean$0(AbstractBeanFactory.java:335)
	at org.springframework.beans.factory.support.DefaultSingletonBeanRegistry.getSingleton(DefaultSingletonBeanRegistry.java:234)
	at org.springframework.beans.factory.support.AbstractBeanFactory.doGetBean(AbstractBeanFactory.java:333)
	at org.springframework.beans.factory.support.AbstractBeanFactory.getBean(AbstractBeanFactory.java:208)
	at org.springframework.beans.factory.support.DefaultListableBeanFactory.preInstantiateSingletons(DefaultListableBeanFactory.java:944)
	at org.springframework.context.support.AbstractApplicationContext.finishBeanFactoryInitialization(AbstractApplicationContext.java:918)
	at org.springframework.context.support.AbstractApplicationContext.refresh(AbstractApplicationContext.java:583)
	at org.springframework.boot.web.servlet.context.ServletWebServerApplicationContext.refresh(ServletWebServerApplicationContext.java:145)
	at org.springframework.boot.SpringApplication.refresh(SpringApplication.java:765)
	at org.springframework.boot.SpringApplication.refreshContext(SpringApplication.java:445)
	at org.springframework.boot.SpringApplication.run(SpringApplication.java:338)
	at org.springframework.boot.SpringApplication.run(SpringApplication.java:1354)
	at org.springframework.boot.SpringApplication.run(SpringApplication.java:1343)
	at com.pravinkatiyar.onlinetest.OnlinetestApplication.main(OnlinetestApplication.java:13)
	at java.base/jdk.internal.reflect.NativeMethodAccessorImpl.invoke0(Native Method)
	at java.base/jdk.internal.reflect.NativeMethodAccessorImpl.invoke(NativeMethodAccessorImpl.java:62)
	at java.base/jdk.internal.reflect.DelegatingMethodAccessorImpl.invoke(DelegatingMethodAccessorImpl.java:43)
	at java.base/java.lang.reflect.Method.invoke(Method.java:566)
	at org.springframework.boot.devtools.restart.RestartLauncher.run(RestartLauncher.java:49)
Caused by: org.springframework.beans.BeanInstantiationException: Failed to instantiate [com.pravinkatiyar.onlinetest.controller.AuthController]: Constructor threw exception; nested exception is java.lang.Error: Unresolved compilation problems: 
	The import com.pravinkatiyar.onlinetest.security.JwTokenUtil cannot be resolved
	The import com.pravinkatiyar.onlinetest.security.JwtUser cannot be resolved
	JwTokenUtil cannot be resolved to a type
	JwtUser cannot be resolved to a type
	JwtUser cannot be resolved to a type
	JwTokenUtil cannot be resolved to a type

	at org.springframework.beans.BeanUtils.instantiateClass(BeanUtils.java:224)
	at org.springframework.beans.factory.support.SimpleInstantiationStrategy.instantiate(SimpleInstantiationStrategy.java:87)
	at org.springframework.beans.factory.support.AbstractAutowireCapableBeanFactory.instantiateBean(AbstractAutowireCapableBeanFactory.java:1326)
	... 22 common frames omitted
Caused by: java.lang.Error: Unresolved compilation problems: 
	The import com.pravinkatiyar.onlinetest.security.JwTokenUtil cannot be resolved
	The import com.pravinkatiyar.onlinetest.security.JwtUser cannot be resolved
	JwTokenUtil cannot be resolved to a type
	JwtUser cannot be resolved to a type
	JwtUser cannot be resolved to a type
	JwTokenUtil cannot be resolved to a type

	at com.pravinkatiyar.onlinetest.controller.AuthController.<init>(AuthController.java:26)
	at java.base/jdk.internal.reflect.NativeConstructorAccessorImpl.newInstance0(Native Method)
	at java.base/jdk.internal.reflect.NativeConstructorAccessorImpl.newInstance(NativeConstructorAccessorImpl.java:62)
	at java.base/jdk.internal.reflect.DelegatingConstructorAccessorImpl.newInstance(DelegatingConstructorAccessorImpl.java:45)
	at java.base/java.lang.reflect.Constructor.newInstance(Constructor.java:490)
	at org.springframework.beans.BeanUtils.instantiateClass(BeanUtils.java:211)
	... 24 common frames omitted
2022-01-03 15:53:50,390 INFO com.pravinkatiyar.onlinetest.OnlinetestApplication [restartedMain] Starting OnlinetestApplication using Java 11.0.11 on DESKTOP-TV14ERS with PID 1096 (G:\workspace\onlinetest\target\classes started by Pravin in G:\workspace\onlinetest)
2022-01-03 15:53:50,390 DEBUG com.pravinkatiyar.onlinetest.OnlinetestApplication [restartedMain] Running with Spring Boot v2.5.7, Spring v5.3.13
2022-01-03 15:53:50,390 INFO com.pravinkatiyar.onlinetest.OnlinetestApplication [restartedMain] No active profile set, falling back to default profiles: default
2022-01-03 15:53:53,160 INFO com.pravinkatiyar.onlinetest.OnlinetestApplication [restartedMain] Started OnlinetestApplication in 2.803 seconds (JVM running for 2274.545)
2022-01-03 15:54:19,610 INFO com.pravinkatiyar.onlinetest.OnlinetestApplication [restartedMain] Starting OnlinetestApplication using Java 11.0.11 on DESKTOP-TV14ERS with PID 1096 (G:\workspace\onlinetest\target\classes started by Pravin in G:\workspace\onlinetest)
2022-01-03 15:54:19,611 DEBUG com.pravinkatiyar.onlinetest.OnlinetestApplication [restartedMain] Running with Spring Boot v2.5.7, Spring v5.3.13
2022-01-03 15:54:19,611 INFO com.pravinkatiyar.onlinetest.OnlinetestApplication [restartedMain] No active profile set, falling back to default profiles: default
2022-01-03 15:54:22,417 INFO com.pravinkatiyar.onlinetest.OnlinetestApplication [restartedMain] Started OnlinetestApplication in 2.841 seconds (JVM running for 2303.802)
2022-01-03 15:54:27,354 INFO com.pravinkatiyar.onlinetest.OnlinetestApplication [restartedMain] Starting OnlinetestApplication using Java 11.0.11 on DESKTOP-TV14ERS with PID 1096 (G:\workspace\onlinetest\target\classes started by Pravin in G:\workspace\onlinetest)
2022-01-03 15:54:27,354 DEBUG com.pravinkatiyar.onlinetest.OnlinetestApplication [restartedMain] Running with Spring Boot v2.5.7, Spring v5.3.13
2022-01-03 15:54:27,354 INFO com.pravinkatiyar.onlinetest.OnlinetestApplication [restartedMain] No active profile set, falling back to default profiles: default
2022-01-03 15:54:29,905 INFO com.pravinkatiyar.onlinetest.OnlinetestApplication [restartedMain] Started OnlinetestApplication in 2.595 seconds (JVM running for 2311.29)
2022-01-03 15:55:57,012 INFO com.pravinkatiyar.onlinetest.OnlinetestApplication [restartedMain] Starting OnlinetestApplication using Java 11.0.11 on DESKTOP-TV14ERS with PID 1096 (G:\workspace\onlinetest\target\classes started by Pravin in G:\workspace\onlinetest)
2022-01-03 15:55:57,012 DEBUG com.pravinkatiyar.onlinetest.OnlinetestApplication [restartedMain] Running with Spring Boot v2.5.7, Spring v5.3.13
2022-01-03 15:55:57,012 INFO com.pravinkatiyar.onlinetest.OnlinetestApplication [restartedMain] No active profile set, falling back to default profiles: default
2022-01-03 15:56:00,788 INFO com.pravinkatiyar.onlinetest.OnlinetestApplication [restartedMain] Started OnlinetestApplication in 3.862 seconds (JVM running for 2402.173)
2022-01-03 16:24:35,731 INFO com.pravinkatiyar.onlinetest.OnlinetestApplication [restartedMain] Starting OnlinetestApplication using Java 11.0.11 on DESKTOP-TV14ERS with PID 10296 (G:\workspace\onlinetest\target\classes started by Pravin in G:\workspace\onlinetest)
2022-01-03 16:24:35,734 DEBUG com.pravinkatiyar.onlinetest.OnlinetestApplication [restartedMain] Running with Spring Boot v2.5.7, Spring v5.3.13
2022-01-03 16:24:35,734 INFO com.pravinkatiyar.onlinetest.OnlinetestApplication [restartedMain] No active profile set, falling back to default profiles: default
2022-01-03 16:24:41,344 DEBUG com.pravinkatiyar.onlinetest.security.AuthenticationTokenFilter [restartedMain] Filter 'authenticationTokenFilterBean' configured for use
2022-01-03 16:24:43,382 INFO com.pravinkatiyar.onlinetest.OnlinetestApplication [restartedMain] Started OnlinetestApplication in 8.12 seconds (JVM running for 9.741)
2022-01-03 16:30:19,783 INFO org.springframework.web.servlet.DispatcherServlet [http-nio-8110-exec-1] Initializing Servlet 'dispatcherServlet'
2022-01-03 16:30:19,788 INFO org.springframework.web.servlet.DispatcherServlet [http-nio-8110-exec-1] Completed initialization in 2 ms
2022-01-03 16:30:19,931 DEBUG com.pravinkatiyar.onlinetest.aop.LoggingAspect [http-nio-8110-exec-1] Enter: com.pravinkatiyar.onlinetest.controller.AuthController.registration() with argument[s] = [User [id=null, username=null, password=pravin, firstName=pravin, lastName=null, gender=null, email=pravin@gmail.com, phone=null, enabled=true]]
2022-01-03 16:30:19,941 ERROR com.pravinkatiyar.onlinetest.aop.LoggingAspect [http-nio-8110-exec-1] Exception in com.pravinkatiyar.onlinetest.controller.AuthController.registration() with cause = NULL
2022-01-03 16:30:19,955 ERROR org.apache.catalina.core.ContainerBase.[Tomcat].[localhost].[/].[dispatcherServlet] [http-nio-8110-exec-1] Servlet.service() for servlet [dispatcherServlet] in context with path [] threw exception [Request processing failed; nested exception is java.lang.ClassCastException: class com.pravinkatiyar.onlinetest.entity.UserRole cannot be cast to class java.util.Set (com.pravinkatiyar.onlinetest.entity.UserRole is in unnamed module of loader org.springframework.boot.devtools.restart.classloader.RestartClassLoader @66508e53; java.util.Set is in module java.base of loader 'bootstrap')] with root cause
java.lang.ClassCastException: class com.pravinkatiyar.onlinetest.entity.UserRole cannot be cast to class java.util.Set (com.pravinkatiyar.onlinetest.entity.UserRole is in unnamed module of loader org.springframework.boot.devtools.restart.classloader.RestartClassLoader @66508e53; java.util.Set is in module java.base of loader 'bootstrap')
	at com.pravinkatiyar.onlinetest.controller.AuthController.registration(AuthController.java:79)
	at com.pravinkatiyar.onlinetest.controller.AuthController$$FastClassBySpringCGLIB$$d2da49c5.invoke(<generated>)
	at org.springframework.cglib.proxy.MethodProxy.invoke(MethodProxy.java:218)
	at org.springframework.aop.framework.CglibAopProxy$CglibMethodInvocation.invokeJoinpoint(CglibAopProxy.java:783)
	at org.springframework.aop.framework.ReflectiveMethodInvocation.proceed(ReflectiveMethodInvocation.java:163)
	at org.springframework.aop.framework.CglibAopProxy$CglibMethodInvocation.proceed(CglibAopProxy.java:753)
	at org.springframework.aop.aspectj.AspectJAfterThrowingAdvice.invoke(AspectJAfterThrowingAdvice.java:64)
	at org.springframework.aop.framework.ReflectiveMethodInvocation.proceed(ReflectiveMethodInvocation.java:186)
	at org.springframework.aop.framework.CglibAopProxy$CglibMethodInvocation.proceed(CglibAopProxy.java:753)
	at org.springframework.aop.aspectj.MethodInvocationProceedingJoinPoint.proceed(MethodInvocationProceedingJoinPoint.java:89)
	at com.pravinkatiyar.onlinetest.aop.LoggingAspect.logAround(LoggingAspect.java:57)
	at java.base/jdk.internal.reflect.NativeMethodAccessorImpl.invoke0(Native Method)
	at java.base/jdk.internal.reflect.NativeMethodAccessorImpl.invoke(NativeMethodAccessorImpl.java:62)
	at java.base/jdk.internal.reflect.DelegatingMethodAccessorImpl.invoke(DelegatingMethodAccessorImpl.java:43)
	at java.base/java.lang.reflect.Method.invoke(Method.java:566)
	at org.springframework.aop.aspectj.AbstractAspectJAdvice.invokeAdviceMethodWithGivenArgs(AbstractAspectJAdvice.java:634)
	at org.springframework.aop.aspectj.AbstractAspectJAdvice.invokeAdviceMethod(AbstractAspectJAdvice.java:624)
	at org.springframework.aop.aspectj.AspectJAroundAdvice.invoke(AspectJAroundAdvice.java:72)
	at org.springframework.aop.framework.ReflectiveMethodInvocation.proceed(ReflectiveMethodInvocation.java:186)
	at org.springframework.aop.framework.CglibAopProxy$CglibMethodInvocation.proceed(CglibAopProxy.java:753)
	at org.springframework.aop.interceptor.ExposeInvocationInterceptor.invoke(ExposeInvocationInterceptor.java:97)
	at org.springframework.aop.framework.ReflectiveMethodInvocation.proceed(ReflectiveMethodInvocation.java:186)
	at org.springframework.aop.framework.CglibAopProxy$CglibMethodInvocation.proceed(CglibAopProxy.java:753)
	at org.springframework.aop.framework.CglibAopProxy$DynamicAdvisedInterceptor.intercept(CglibAopProxy.java:698)
	at com.pravinkatiyar.onlinetest.controller.AuthController$$EnhancerBySpringCGLIB$$8b86ea24.registration(<generated>)
	at java.base/jdk.internal.reflect.NativeMethodAccessorImpl.invoke0(Native Method)
	at java.base/jdk.internal.reflect.NativeMethodAccessorImpl.invoke(NativeMethodAccessorImpl.java:62)
	at java.base/jdk.internal.reflect.DelegatingMethodAccessorImpl.invoke(DelegatingMethodAccessorImpl.java:43)
	at java.base/java.lang.reflect.Method.invoke(Method.java:566)
	at org.springframework.web.method.support.InvocableHandlerMethod.doInvoke(InvocableHandlerMethod.java:205)
	at org.springframework.web.method.support.InvocableHandlerMethod.invokeForRequest(InvocableHandlerMethod.java:150)
	at org.springframework.web.servlet.mvc.method.annotation.ServletInvocableHandlerMethod.invokeAndHandle(ServletInvocableHandlerMethod.java:117)
	at org.springframework.web.servlet.mvc.method.annotation.RequestMappingHandlerAdapter.invokeHandlerMethod(RequestMappingHandlerAdapter.java:895)
	at org.springframework.web.servlet.mvc.method.annotation.RequestMappingHandlerAdapter.handleInternal(RequestMappingHandlerAdapter.java:808)
	at org.springframework.web.servlet.mvc.method.AbstractHandlerMethodAdapter.handle(AbstractHandlerMethodAdapter.java:87)
	at org.springframework.web.servlet.DispatcherServlet.doDispatch(DispatcherServlet.java:1067)
	at org.springframework.web.servlet.DispatcherServlet.doService(DispatcherServlet.java:963)
	at org.springframework.web.servlet.FrameworkServlet.processRequest(FrameworkServlet.java:1006)
	at org.springframework.web.servlet.FrameworkServlet.doPost(FrameworkServlet.java:909)
	at javax.servlet.http.HttpServlet.service(HttpServlet.java:681)
	at org.springframework.web.servlet.FrameworkServlet.service(FrameworkServlet.java:883)
	at javax.servlet.http.HttpServlet.service(HttpServlet.java:764)
	at org.apache.catalina.core.ApplicationFilterChain.internalDoFilter(ApplicationFilterChain.java:227)
	at org.apache.catalina.core.ApplicationFilterChain.doFilter(ApplicationFilterChain.java:162)
	at org.apache.tomcat.websocket.server.WsFilter.doFilter(WsFilter.java:53)
	at org.apache.catalina.core.ApplicationFilterChain.internalDoFilter(ApplicationFilterChain.java:189)
	at org.apache.catalina.core.ApplicationFilterChain.doFilter(ApplicationFilterChain.java:162)
	at org.springframework.web.filter.OncePerRequestFilter.doFilter(OncePerRequestFilter.java:113)
	at org.apache.catalina.core.ApplicationFilterChain.internalDoFilter(ApplicationFilterChain.java:189)
	at org.apache.catalina.core.ApplicationFilterChain.doFilter(ApplicationFilterChain.java:162)
	at org.springframework.security.web.FilterChainProxy$VirtualFilterChain.doFilter(FilterChainProxy.java:327)
	at org.springframework.security.web.access.intercept.FilterSecurityInterceptor.invoke(FilterSecurityInterceptor.java:115)
	at org.springframework.security.web.access.intercept.FilterSecurityInterceptor.doFilter(FilterSecurityInterceptor.java:81)
	at org.springframework.security.web.FilterChainProxy$VirtualFilterChain.doFilter(FilterChainProxy.java:336)
	at org.springframework.security.web.access.ExceptionTranslationFilter.doFilter(ExceptionTranslationFilter.java:121)
	at org.springframework.security.web.access.ExceptionTranslationFilter.doFilter(ExceptionTranslationFilter.java:115)
	at org.springframework.security.web.FilterChainProxy$VirtualFilterChain.doFilter(FilterChainProxy.java:336)
	at org.springframework.security.web.session.SessionManagementFilter.doFilter(SessionManagementFilter.java:126)
	at org.springframework.security.web.session.SessionManagementFilter.doFilter(SessionManagementFilter.java:81)
	at org.springframework.security.web.FilterChainProxy$VirtualFilterChain.doFilter(FilterChainProxy.java:336)
	at org.springframework.security.web.authentication.AnonymousAuthenticationFilter.doFilter(AnonymousAuthenticationFilter.java:105)
	at org.springframework.security.web.FilterChainProxy$VirtualFilterChain.doFilter(FilterChainProxy.java:336)
	at org.springframework.security.web.servletapi.SecurityContextHolderAwareRequestFilter.doFilter(SecurityContextHolderAwareRequestFilter.java:149)
	at org.springframework.security.web.FilterChainProxy$VirtualFilterChain.doFilter(FilterChainProxy.java:336)
	at org.springframework.security.web.savedrequest.RequestCacheAwareFilter.doFilter(RequestCacheAwareFilter.java:63)
	at org.springframework.security.web.FilterChainProxy$VirtualFilterChain.doFilter(FilterChainProxy.java:336)
	at com.pravinkatiyar.onlinetest.security.AuthenticationTokenFilter.doFilterInternal(AuthenticationTokenFilter.java:53)
	at org.springframework.web.filter.OncePerRequestFilter.doFilter(OncePerRequestFilter.java:119)
	at org.springframework.security.web.FilterChainProxy$VirtualFilterChain.doFilter(FilterChainProxy.java:336)
	at org.springframework.security.web.authentication.logout.LogoutFilter.doFilter(LogoutFilter.java:103)
	at org.springframework.security.web.authentication.logout.LogoutFilter.doFilter(LogoutFilter.java:89)
	at org.springframework.security.web.FilterChainProxy$VirtualFilterChain.doFilter(FilterChainProxy.java:336)
	at com.pravinkatiyar.onlinetest.security.CsrfHeaderFilter.doFilterInternal(CsrfHeaderFilter.java:31)
	at org.springframework.web.filter.OncePerRequestFilter.doFilter(OncePerRequestFilter.java:119)
	at org.springframework.security.web.FilterChainProxy$VirtualFilterChain.doFilter(FilterChainProxy.java:336)
	at org.springframework.security.web.header.HeaderWriterFilter.doHeadersAfter(HeaderWriterFilter.java:90)
	at org.springframework.security.web.header.HeaderWriterFilter.doFilterInternal(HeaderWriterFilter.java:75)
	at org.springframework.web.filter.OncePerRequestFilter.doFilter(OncePerRequestFilter.java:119)
	at org.springframework.security.web.FilterChainProxy$VirtualFilterChain.doFilter(FilterChainProxy.java:336)
	at org.springframework.security.web.context.SecurityContextPersistenceFilter.doFilter(SecurityContextPersistenceFilter.java:110)
	at org.springframework.security.web.context.SecurityContextPersistenceFilter.doFilter(SecurityContextPersistenceFilter.java:80)
	at org.springframework.security.web.FilterChainProxy$VirtualFilterChain.doFilter(FilterChainProxy.java:336)
	at org.springframework.security.web.context.request.async.WebAsyncManagerIntegrationFilter.doFilterInternal(WebAsyncManagerIntegrationFilter.java:55)
	at org.springframework.web.filter.OncePerRequestFilter.doFilter(OncePerRequestFilter.java:119)
	at org.springframework.security.web.FilterChainProxy$VirtualFilterChain.doFilter(FilterChainProxy.java:336)
	at org.springframework.security.web.FilterChainProxy.doFilterInternal(FilterChainProxy.java:211)
	at org.springframework.security.web.FilterChainProxy.doFilter(FilterChainProxy.java:183)
	at org.springframework.web.filter.DelegatingFilterProxy.invokeDelegate(DelegatingFilterProxy.java:358)
	at org.springframework.web.filter.DelegatingFilterProxy.doFilter(DelegatingFilterProxy.java:271)
	at org.apache.catalina.core.ApplicationFilterChain.internalDoFilter(ApplicationFilterChain.java:189)
	at org.apache.catalina.core.ApplicationFilterChain.doFilter(ApplicationFilterChain.java:162)
	at org.springframework.web.filter.RequestContextFilter.doFilterInternal(RequestContextFilter.java:100)
	at org.springframework.web.filter.OncePerRequestFilter.doFilter(OncePerRequestFilter.java:119)
	at org.apache.catalina.core.ApplicationFilterChain.internalDoFilter(ApplicationFilterChain.java:189)
	at org.apache.catalina.core.ApplicationFilterChain.doFilter(ApplicationFilterChain.java:162)
	at org.springframework.web.filter.FormContentFilter.doFilterInternal(FormContentFilter.java:93)
	at org.springframework.web.filter.OncePerRequestFilter.doFilter(OncePerRequestFilter.java:119)
	at org.apache.catalina.core.ApplicationFilterChain.internalDoFilter(ApplicationFilterChain.java:189)
	at org.apache.catalina.core.ApplicationFilterChain.doFilter(ApplicationFilterChain.java:162)
	at org.springframework.boot.actuate.metrics.web.servlet.WebMvcMetricsFilter.doFilterInternal(WebMvcMetricsFilter.java:96)
	at org.springframework.web.filter.OncePerRequestFilter.doFilter(OncePerRequestFilter.java:119)
	at org.apache.catalina.core.ApplicationFilterChain.internalDoFilter(ApplicationFilterChain.java:189)
	at org.apache.catalina.core.ApplicationFilterChain.doFilter(ApplicationFilterChain.java:162)
	at org.springframework.web.filter.CharacterEncodingFilter.doFilterInternal(CharacterEncodingFilter.java:201)
	at org.springframework.web.filter.OncePerRequestFilter.doFilter(OncePerRequestFilter.java:119)
	at org.apache.catalina.core.ApplicationFilterChain.internalDoFilter(ApplicationFilterChain.java:189)
	at org.apache.catalina.core.ApplicationFilterChain.doFilter(ApplicationFilterChain.java:162)
	at org.apache.catalina.core.StandardWrapperValve.invoke(StandardWrapperValve.java:197)
	at org.apache.catalina.core.StandardContextValve.invoke(StandardContextValve.java:97)
	at org.apache.catalina.authenticator.AuthenticatorBase.invoke(AuthenticatorBase.java:540)
	at org.apache.catalina.core.StandardHostValve.invoke(StandardHostValve.java:135)
	at org.apache.catalina.valves.ErrorReportValve.invoke(ErrorReportValve.java:92)
	at org.apache.catalina.core.StandardEngineValve.invoke(StandardEngineValve.java:78)
	at org.apache.catalina.connector.CoyoteAdapter.service(CoyoteAdapter.java:357)
	at org.apache.coyote.http11.Http11Processor.service(Http11Processor.java:382)
	at org.apache.coyote.AbstractProcessorLight.process(AbstractProcessorLight.java:65)
	at org.apache.coyote.AbstractProtocol$ConnectionHandler.process(AbstractProtocol.java:895)
	at org.apache.tomcat.util.net.NioEndpoint$SocketProcessor.doRun(NioEndpoint.java:1722)
	at org.apache.tomcat.util.net.SocketProcessorBase.run(SocketProcessorBase.java:49)
	at org.apache.tomcat.util.threads.ThreadPoolExecutor.runWorker(ThreadPoolExecutor.java:1191)
	at org.apache.tomcat.util.threads.ThreadPoolExecutor$Worker.run(ThreadPoolExecutor.java:659)
	at org.apache.tomcat.util.threads.TaskThread$WrappingRunnable.run(TaskThread.java:61)
	at java.base/java.lang.Thread.run(Thread.java:834)
2022-01-03 16:31:19,983 INFO com.pravinkatiyar.onlinetest.OnlinetestApplication [restartedMain] Starting OnlinetestApplication using Java 11.0.11 on DESKTOP-TV14ERS with PID 10296 (G:\workspace\onlinetest\target\classes started by Pravin in G:\workspace\onlinetest)
2022-01-03 16:31:19,984 DEBUG com.pravinkatiyar.onlinetest.OnlinetestApplication [restartedMain] Running with Spring Boot v2.5.7, Spring v5.3.13
2022-01-03 16:31:19,984 INFO com.pravinkatiyar.onlinetest.OnlinetestApplication [restartedMain] No active profile set, falling back to default profiles: default
2022-01-03 16:31:21,947 DEBUG com.pravinkatiyar.onlinetest.security.AuthenticationTokenFilter [restartedMain] Filter 'authenticationTokenFilterBean' configured for use
2022-01-03 16:31:23,110 INFO org.springframework.web.servlet.DispatcherServlet [http-nio-8110-exec-1] Initializing Servlet 'dispatcherServlet'
2022-01-03 16:31:23,111 INFO com.pravinkatiyar.onlinetest.OnlinetestApplication [restartedMain] Started OnlinetestApplication in 3.185 seconds (JVM running for 409.469)
2022-01-03 16:31:23,114 INFO org.springframework.web.servlet.DispatcherServlet [http-nio-8110-exec-1] Completed initialization in 2 ms
2022-01-03 16:31:23,121 DEBUG com.pravinkatiyar.onlinetest.aop.LoggingAspect [http-nio-8110-exec-1] Enter: com.pravinkatiyar.onlinetest.controller.AuthController.registration() with argument[s] = [User [id=null, username=null, password=pravin, firstName=pravin, lastName=null, gender=null, email=pravin@gmail.com, phone=null, enabled=true]]
2022-01-03 16:31:23,132 DEBUG com.pravinkatiyar.onlinetest.aop.LoggingAspect [http-nio-8110-exec-1] Enter: com.pravinkatiyar.onlinetest.service.impl.AuthServiceImpl.registerUser() with argument[s] = [User [id=null, username=null, password=pravin, firstName=pravin, lastName=null, gender=null, email=pravin@gmail.com, phone=null, enabled=true], [com.pravinkatiyar.onlinetest.entity.UserRole@43d36298]]
2022-01-03 16:31:23,509 INFO com.pravinkatiyar.onlinetest.aop.PerformanceLoggingAspect [http-nio-8110-exec-1] Execution time of AuthServiceImpl.registerUser :: 375 ms
2022-01-03 16:31:23,510 DEBUG com.pravinkatiyar.onlinetest.aop.LoggingAspect [http-nio-8110-exec-1] Exit: com.pravinkatiyar.onlinetest.service.impl.AuthServiceImpl.registerUser() with result = User [id=U_00202, username=null, password=$2a$10$r05oQxHI.CMYfAIieIhPuuf.S3D1p6rXbuAKt4DWEZjUdLvH0TElK, firstName=pravin, lastName=null, gender=null, email=pravin@gmail.com, phone=null, enabled=true]
2022-01-03 16:31:23,555 DEBUG com.pravinkatiyar.onlinetest.aop.LoggingAspect [http-nio-8110-exec-1] Exit: com.pravinkatiyar.onlinetest.controller.AuthController.registration() with result = <200 OK OK,com.pravinkatiyar.onlinetest.security.Response@1f0271cc,[]>
2022-01-03 16:31:39,788 DEBUG com.pravinkatiyar.onlinetest.aop.LoggingAspect [http-nio-8110-exec-2] Enter: com.pravinkatiyar.onlinetest.controller.AuthController.Login() with argument[s] = [User [id=null, username=null, password=pravin, firstName=null, lastName=null, gender=null, email=pravin@gmail.com, phone=null, enabled=true], SecurityContextHolderAwareRequestWrapper[ org.springframework.security.web.header.HeaderWriterFilter$HeaderWriterRequest@79757641], org.springframework.security.web.header.HeaderWriterFilter$HeaderWriterResponse@77b2871f]
2022-01-03 16:31:39,923 DEBUG com.pravinkatiyar.onlinetest.aop.LoggingAspect [http-nio-8110-exec-2] Enter: com.pravinkatiyar.onlinetest.service.impl.AuthServiceImpl.loadUserByUsername() with argument[s] = [pravin@gmail.com]
2022-01-03 16:31:39,961 INFO com.pravinkatiyar.onlinetest.aop.PerformanceLoggingAspect [http-nio-8110-exec-2] Execution time of AuthServiceImpl.loadUserByUsername :: 37 ms
2022-01-03 16:31:39,961 DEBUG com.pravinkatiyar.onlinetest.aop.LoggingAspect [http-nio-8110-exec-2] Exit: com.pravinkatiyar.onlinetest.service.impl.AuthServiceImpl.loadUserByUsername() with result = com.pravinkatiyar.onlinetest.security.JwtUser@4e18bd13
2022-01-03 16:31:40,117 DEBUG com.pravinkatiyar.onlinetest.aop.LoggingAspect [http-nio-8110-exec-2] Exit: com.pravinkatiyar.onlinetest.controller.AuthController.Login() with result = <200 OK OK,com.pravinkatiyar.onlinetest.security.UserDTO@7ede54ef,[]>
2022-01-03 16:31:42,936 DEBUG com.pravinkatiyar.onlinetest.aop.LoggingAspect [http-nio-8110-exec-3] Enter: com.pravinkatiyar.onlinetest.controller.AuthController.Login() with argument[s] = [User [id=null, username=null, password=pravin, firstName=null, lastName=null, gender=null, email=pravin@gmail.com, phone=null, enabled=true], SecurityContextHolderAwareRequestWrapper[ org.springframework.security.web.header.HeaderWriterFilter$HeaderWriterRequest@5423986f], org.springframework.security.web.header.HeaderWriterFilter$HeaderWriterResponse@5ae47c9b]
2022-01-03 16:31:42,937 DEBUG com.pravinkatiyar.onlinetest.aop.LoggingAspect [http-nio-8110-exec-3] Enter: com.pravinkatiyar.onlinetest.service.impl.AuthServiceImpl.loadUserByUsername() with argument[s] = [pravin@gmail.com]
2022-01-03 16:31:42,940 INFO com.pravinkatiyar.onlinetest.aop.PerformanceLoggingAspect [http-nio-8110-exec-3] Execution time of AuthServiceImpl.loadUserByUsername :: 3 ms
2022-01-03 16:31:42,941 DEBUG com.pravinkatiyar.onlinetest.aop.LoggingAspect [http-nio-8110-exec-3] Exit: com.pravinkatiyar.onlinetest.service.impl.AuthServiceImpl.loadUserByUsername() with result = com.pravinkatiyar.onlinetest.security.JwtUser@7fb816b0
2022-01-03 16:31:43,073 DEBUG com.pravinkatiyar.onlinetest.aop.LoggingAspect [http-nio-8110-exec-3] Exit: com.pravinkatiyar.onlinetest.controller.AuthController.Login() with result = <200 OK OK,com.pravinkatiyar.onlinetest.security.UserDTO@7486b4cf,[]>
2022-01-03 16:34:14,797 INFO com.pravinkatiyar.onlinetest.OnlinetestApplication [restartedMain] Starting OnlinetestApplication using Java 11.0.11 on DESKTOP-TV14ERS with PID 14876 (G:\workspace\onlinetest\target\classes started by Pravin in G:\workspace\onlinetest)
2022-01-03 16:34:14,800 DEBUG com.pravinkatiyar.onlinetest.OnlinetestApplication [restartedMain] Running with Spring Boot v2.5.7, Spring v5.3.13
2022-01-03 16:34:14,801 INFO com.pravinkatiyar.onlinetest.OnlinetestApplication [restartedMain] No active profile set, falling back to default profiles: default
2022-01-03 16:34:21,024 DEBUG com.pravinkatiyar.onlinetest.security.AuthenticationTokenFilter [restartedMain] Filter 'authenticationTokenFilterBean' configured for use
2022-01-03 16:34:23,257 INFO com.pravinkatiyar.onlinetest.OnlinetestApplication [restartedMain] Started OnlinetestApplication in 8.939 seconds (JVM running for 10.574)
2022-01-03 16:34:42,314 INFO org.springframework.web.servlet.DispatcherServlet [http-nio-8110-exec-1] Initializing Servlet 'dispatcherServlet'
2022-01-03 16:34:42,318 INFO org.springframework.web.servlet.DispatcherServlet [http-nio-8110-exec-1] Completed initialization in 2 ms
2022-01-03 16:34:42,465 DEBUG com.pravinkatiyar.onlinetest.aop.LoggingAspect [http-nio-8110-exec-1] Enter: com.pravinkatiyar.onlinetest.controller.AuthController.registration() with argument[s] = [User [id=null, username=null, password=pravin, firstName=pravin, lastName=null, gender=null, email=pravin@gmail.com, phone=null, enabled=true]]
2022-01-03 16:34:42,478 DEBUG com.pravinkatiyar.onlinetest.aop.LoggingAspect [http-nio-8110-exec-1] Enter: com.pravinkatiyar.onlinetest.service.impl.AuthServiceImpl.registerUser() with argument[s] = [User [id=null, username=null, password=pravin, firstName=pravin, lastName=null, gender=null, email=pravin@gmail.com, phone=null, enabled=true], [com.pravinkatiyar.onlinetest.entity.UserRole@6b752dd2]]
2022-01-03 16:34:42,835 INFO com.pravinkatiyar.onlinetest.aop.PerformanceLoggingAspect [http-nio-8110-exec-1] Execution time of AuthServiceImpl.registerUser :: 353 ms
2022-01-03 16:34:42,835 DEBUG com.pravinkatiyar.onlinetest.aop.LoggingAspect [http-nio-8110-exec-1] Exit: com.pravinkatiyar.onlinetest.service.impl.AuthServiceImpl.registerUser() with result = User [id=U_00252, username=null, password=$2a$10$ivvIdgJqTKLa4sT4pZYjSursYOKlMvpuVaDIF3SvcbRlov2Ce38X6, firstName=pravin, lastName=null, gender=null, email=pravin@gmail.com, phone=null, enabled=true]
2022-01-03 16:34:42,878 DEBUG com.pravinkatiyar.onlinetest.aop.LoggingAspect [http-nio-8110-exec-1] Exit: com.pravinkatiyar.onlinetest.controller.AuthController.registration() with result = <200 OK OK,com.pravinkatiyar.onlinetest.security.Response@4675cce2,[]>
2022-01-03 16:35:21,234 INFO com.pravinkatiyar.onlinetest.OnlinetestApplication [restartedMain] Starting OnlinetestApplication using Java 11.0.11 on DESKTOP-TV14ERS with PID 18932 (G:\workspace\onlinetest\target\classes started by Pravin in G:\workspace\onlinetest)
2022-01-03 16:35:21,238 DEBUG com.pravinkatiyar.onlinetest.OnlinetestApplication [restartedMain] Running with Spring Boot v2.5.7, Spring v5.3.13
2022-01-03 16:35:21,238 INFO com.pravinkatiyar.onlinetest.OnlinetestApplication [restartedMain] No active profile set, falling back to default profiles: default
2022-01-03 16:35:27,838 DEBUG com.pravinkatiyar.onlinetest.security.AuthenticationTokenFilter [restartedMain] Filter 'authenticationTokenFilterBean' configured for use
2022-01-03 16:35:30,245 INFO com.pravinkatiyar.onlinetest.OnlinetestApplication [restartedMain] Started OnlinetestApplication in 9.524 seconds (JVM running for 11.37)
2022-01-03 16:38:02,119 INFO com.pravinkatiyar.onlinetest.OnlinetestApplication [restartedMain] Starting OnlinetestApplication using Java 11.0.11 on DESKTOP-TV14ERS with PID 17840 (G:\workspace\onlinetest\target\classes started by Pravin in G:\workspace\onlinetest)
2022-01-03 16:38:02,123 DEBUG com.pravinkatiyar.onlinetest.OnlinetestApplication [restartedMain] Running with Spring Boot v2.5.7, Spring v5.3.13
2022-01-03 16:38:02,123 INFO com.pravinkatiyar.onlinetest.OnlinetestApplication [restartedMain] No active profile set, falling back to default profiles: default
2022-01-03 16:38:08,227 DEBUG com.pravinkatiyar.onlinetest.security.AuthenticationTokenFilter [restartedMain] Filter 'authenticationTokenFilterBean' configured for use
2022-01-03 16:38:10,405 INFO com.pravinkatiyar.onlinetest.OnlinetestApplication [restartedMain] Started OnlinetestApplication in 8.761 seconds (JVM running for 10.574)
2022-01-03 16:38:17,965 INFO org.springframework.web.servlet.DispatcherServlet [http-nio-8110-exec-1] Initializing Servlet 'dispatcherServlet'
2022-01-03 16:38:17,970 INFO org.springframework.web.servlet.DispatcherServlet [http-nio-8110-exec-1] Completed initialization in 2 ms
2022-01-03 16:38:18,108 DEBUG com.pravinkatiyar.onlinetest.aop.LoggingAspect [http-nio-8110-exec-1] Enter: com.pravinkatiyar.onlinetest.controller.AuthController.registration() with argument[s] = [User [id=null, username=null, password=pravin, firstName=pravin, lastName=null, gender=null, email=pravin@gmail.com, phone=null, enabled=true]]
2022-01-03 16:38:18,123 DEBUG com.pravinkatiyar.onlinetest.aop.LoggingAspect [http-nio-8110-exec-1] Enter: com.pravinkatiyar.onlinetest.service.impl.AuthServiceImpl.registerUser() with argument[s] = [User [id=null, username=null, password=pravin, firstName=pravin, lastName=null, gender=null, email=pravin@gmail.com, phone=null, enabled=true], [com.pravinkatiyar.onlinetest.entity.UserRole@10163ec8]]
2022-01-03 16:38:18,466 INFO com.pravinkatiyar.onlinetest.aop.PerformanceLoggingAspect [http-nio-8110-exec-1] Execution time of AuthServiceImpl.registerUser :: 340 ms
2022-01-03 16:38:18,467 DEBUG com.pravinkatiyar.onlinetest.aop.LoggingAspect [http-nio-8110-exec-1] Exit: com.pravinkatiyar.onlinetest.service.impl.AuthServiceImpl.registerUser() with result = User [id=U_00001, username=null, password=$2a$10$.Y7/9ErmX4RQzqmxeVcv0udhAc1eoOOc4tUxV/4N2EbYABDhhLwUS, firstName=pravin, lastName=null, gender=null, email=pravin@gmail.com, phone=null, enabled=true]
2022-01-03 16:38:18,511 DEBUG com.pravinkatiyar.onlinetest.aop.LoggingAspect [http-nio-8110-exec-1] Exit: com.pravinkatiyar.onlinetest.controller.AuthController.registration() with result = <200 OK OK,com.pravinkatiyar.onlinetest.security.Response@47c087f9,[]>
2022-01-03 16:38:54,223 DEBUG com.pravinkatiyar.onlinetest.aop.LoggingAspect [http-nio-8110-exec-2] Enter: com.pravinkatiyar.onlinetest.controller.AuthController.Login() with argument[s] = [User [id=null, username=null, password=pravin, firstName=null, lastName=null, gender=null, email=pravin@gmail.com, phone=null, enabled=true], SecurityContextHolderAwareRequestWrapper[ org.springframework.security.web.header.HeaderWriterFilter$HeaderWriterRequest@3af77703], org.springframework.security.web.header.HeaderWriterFilter$HeaderWriterResponse@7674adc7]
2022-01-03 16:38:54,357 DEBUG com.pravinkatiyar.onlinetest.aop.LoggingAspect [http-nio-8110-exec-2] Enter: com.pravinkatiyar.onlinetest.service.impl.AuthServiceImpl.loadUserByUsername() with argument[s] = [pravin@gmail.com]
2022-01-03 16:38:54,394 INFO com.pravinkatiyar.onlinetest.aop.PerformanceLoggingAspect [http-nio-8110-exec-2] Execution time of AuthServiceImpl.loadUserByUsername :: 35 ms
2022-01-03 16:38:54,394 DEBUG com.pravinkatiyar.onlinetest.aop.LoggingAspect [http-nio-8110-exec-2] Exit: com.pravinkatiyar.onlinetest.service.impl.AuthServiceImpl.loadUserByUsername() with result = com.pravinkatiyar.onlinetest.security.JwtUser@252c6304
2022-01-03 16:38:54,565 DEBUG com.pravinkatiyar.onlinetest.aop.LoggingAspect [http-nio-8110-exec-2] Exit: com.pravinkatiyar.onlinetest.controller.AuthController.Login() with result = <200 OK OK,com.pravinkatiyar.onlinetest.security.UserDTO@5db5305,[]>
2022-01-03 16:39:29,035 DEBUG com.pravinkatiyar.onlinetest.aop.LoggingAspect [http-nio-8110-exec-3] Enter: com.pravinkatiyar.onlinetest.controller.AuthController.Login() with argument[s] = [User [id=null, username=null, password=pravin, firstName=null, lastName=null, gender=null, email=pravin@gmail.com, phone=null, enabled=true], SecurityContextHolderAwareRequestWrapper[ org.springframework.security.web.header.HeaderWriterFilter$HeaderWriterRequest@7de5c1c], org.springframework.security.web.header.HeaderWriterFilter$HeaderWriterResponse@42dcd283]
2022-01-03 16:39:29,036 DEBUG com.pravinkatiyar.onlinetest.aop.LoggingAspect [http-nio-8110-exec-3] Enter: com.pravinkatiyar.onlinetest.service.impl.AuthServiceImpl.loadUserByUsername() with argument[s] = [pravin@gmail.com]
2022-01-03 16:39:29,041 INFO com.pravinkatiyar.onlinetest.aop.PerformanceLoggingAspect [http-nio-8110-exec-3] Execution time of AuthServiceImpl.loadUserByUsername :: 4 ms
2022-01-03 16:39:29,042 DEBUG com.pravinkatiyar.onlinetest.aop.LoggingAspect [http-nio-8110-exec-3] Exit: com.pravinkatiyar.onlinetest.service.impl.AuthServiceImpl.loadUserByUsername() with result = com.pravinkatiyar.onlinetest.security.JwtUser@6495a90b
2022-01-03 16:39:29,175 DEBUG com.pravinkatiyar.onlinetest.aop.LoggingAspect [http-nio-8110-exec-3] Exit: com.pravinkatiyar.onlinetest.controller.AuthController.Login() with result = <200 OK OK,com.pravinkatiyar.onlinetest.security.UserDTO@2d7d0794,[]>
2022-01-03 16:39:30,333 DEBUG com.pravinkatiyar.onlinetest.aop.LoggingAspect [http-nio-8110-exec-4] Enter: com.pravinkatiyar.onlinetest.controller.AuthController.Login() with argument[s] = [User [id=null, username=null, password=pravin, firstName=null, lastName=null, gender=null, email=pravin@gmail.com, phone=null, enabled=true], SecurityContextHolderAwareRequestWrapper[ org.springframework.security.web.header.HeaderWriterFilter$HeaderWriterRequest@29df4309], org.springframework.security.web.header.HeaderWriterFilter$HeaderWriterResponse@2718b842]
2022-01-03 16:39:30,334 DEBUG com.pravinkatiyar.onlinetest.aop.LoggingAspect [http-nio-8110-exec-4] Enter: com.pravinkatiyar.onlinetest.service.impl.AuthServiceImpl.loadUserByUsername() with argument[s] = [pravin@gmail.com]
2022-01-03 16:39:30,337 INFO com.pravinkatiyar.onlinetest.aop.PerformanceLoggingAspect [http-nio-8110-exec-4] Execution time of AuthServiceImpl.loadUserByUsername :: 2 ms
2022-01-03 16:39:30,338 DEBUG com.pravinkatiyar.onlinetest.aop.LoggingAspect [http-nio-8110-exec-4] Exit: com.pravinkatiyar.onlinetest.service.impl.AuthServiceImpl.loadUserByUsername() with result = com.pravinkatiyar.onlinetest.security.JwtUser@2443795
2022-01-03 16:39:30,473 DEBUG com.pravinkatiyar.onlinetest.aop.LoggingAspect [http-nio-8110-exec-4] Exit: com.pravinkatiyar.onlinetest.controller.AuthController.Login() with result = <200 OK OK,com.pravinkatiyar.onlinetest.security.UserDTO@3d754a6c,[]>
2022-01-03 16:39:31,215 DEBUG com.pravinkatiyar.onlinetest.aop.LoggingAspect [http-nio-8110-exec-5] Enter: com.pravinkatiyar.onlinetest.controller.AuthController.Login() with argument[s] = [User [id=null, username=null, password=pravin, firstName=null, lastName=null, gender=null, email=pravin@gmail.com, phone=null, enabled=true], SecurityContextHolderAwareRequestWrapper[ org.springframework.security.web.header.HeaderWriterFilter$HeaderWriterRequest@48ac81cb], org.springframework.security.web.header.HeaderWriterFilter$HeaderWriterResponse@dae16ba]
2022-01-03 16:39:31,216 DEBUG com.pravinkatiyar.onlinetest.aop.LoggingAspect [http-nio-8110-exec-5] Enter: com.pravinkatiyar.onlinetest.service.impl.AuthServiceImpl.loadUserByUsername() with argument[s] = [pravin@gmail.com]
2022-01-03 16:39:31,219 INFO com.pravinkatiyar.onlinetest.aop.PerformanceLoggingAspect [http-nio-8110-exec-5] Execution time of AuthServiceImpl.loadUserByUsername :: 2 ms
2022-01-03 16:39:31,220 DEBUG com.pravinkatiyar.onlinetest.aop.LoggingAspect [http-nio-8110-exec-5] Exit: com.pravinkatiyar.onlinetest.service.impl.AuthServiceImpl.loadUserByUsername() with result = com.pravinkatiyar.onlinetest.security.JwtUser@66c702b6
2022-01-03 16:39:31,355 DEBUG com.pravinkatiyar.onlinetest.aop.LoggingAspect [http-nio-8110-exec-5] Exit: com.pravinkatiyar.onlinetest.controller.AuthController.Login() with result = <200 OK OK,com.pravinkatiyar.onlinetest.security.UserDTO@76444b2d,[]>
2022-01-03 16:39:31,864 DEBUG com.pravinkatiyar.onlinetest.aop.LoggingAspect [http-nio-8110-exec-6] Enter: com.pravinkatiyar.onlinetest.controller.AuthController.Login() with argument[s] = [User [id=null, username=null, password=pravin, firstName=null, lastName=null, gender=null, email=pravin@gmail.com, phone=null, enabled=true], SecurityContextHolderAwareRequestWrapper[ org.springframework.security.web.header.HeaderWriterFilter$HeaderWriterRequest@27040b81], org.springframework.security.web.header.HeaderWriterFilter$HeaderWriterResponse@29c3e111]
2022-01-03 16:39:31,865 DEBUG com.pravinkatiyar.onlinetest.aop.LoggingAspect [http-nio-8110-exec-6] Enter: com.pravinkatiyar.onlinetest.service.impl.AuthServiceImpl.loadUserByUsername() with argument[s] = [pravin@gmail.com]
2022-01-03 16:39:31,868 INFO com.pravinkatiyar.onlinetest.aop.PerformanceLoggingAspect [http-nio-8110-exec-6] Execution time of AuthServiceImpl.loadUserByUsername :: 3 ms
2022-01-03 16:39:31,868 DEBUG com.pravinkatiyar.onlinetest.aop.LoggingAspect [http-nio-8110-exec-6] Exit: com.pravinkatiyar.onlinetest.service.impl.AuthServiceImpl.loadUserByUsername() with result = com.pravinkatiyar.onlinetest.security.JwtUser@d820339
2022-01-03 16:39:32,002 DEBUG com.pravinkatiyar.onlinetest.aop.LoggingAspect [http-nio-8110-exec-6] Exit: com.pravinkatiyar.onlinetest.controller.AuthController.Login() with result = <200 OK OK,com.pravinkatiyar.onlinetest.security.UserDTO@25a7fab4,[]>
2022-01-03 16:39:32,408 DEBUG com.pravinkatiyar.onlinetest.aop.LoggingAspect [http-nio-8110-exec-7] Enter: com.pravinkatiyar.onlinetest.controller.AuthController.Login() with argument[s] = [User [id=null, username=null, password=pravin, firstName=null, lastName=null, gender=null, email=pravin@gmail.com, phone=null, enabled=true], SecurityContextHolderAwareRequestWrapper[ org.springframework.security.web.header.HeaderWriterFilter$HeaderWriterRequest@1c2de3bc], org.springframework.security.web.header.HeaderWriterFilter$HeaderWriterResponse@12ea0e49]
2022-01-03 16:39:32,409 DEBUG com.pravinkatiyar.onlinetest.aop.LoggingAspect [http-nio-8110-exec-7] Enter: com.pravinkatiyar.onlinetest.service.impl.AuthServiceImpl.loadUserByUsername() with argument[s] = [pravin@gmail.com]
2022-01-03 16:39:32,412 INFO com.pravinkatiyar.onlinetest.aop.PerformanceLoggingAspect [http-nio-8110-exec-7] Execution time of AuthServiceImpl.loadUserByUsername :: 3 ms
2022-01-03 16:39:32,413 DEBUG com.pravinkatiyar.onlinetest.aop.LoggingAspect [http-nio-8110-exec-7] Exit: com.pravinkatiyar.onlinetest.service.impl.AuthServiceImpl.loadUserByUsername() with result = com.pravinkatiyar.onlinetest.security.JwtUser@37b6246c
2022-01-03 16:39:32,421 DEBUG com.pravinkatiyar.onlinetest.aop.LoggingAspect [http-nio-8110-exec-8] Enter: com.pravinkatiyar.onlinetest.controller.AuthController.Login() with argument[s] = [User [id=null, username=null, password=pravin, firstName=null, lastName=null, gender=null, email=pravin@gmail.com, phone=null, enabled=true], SecurityContextHolderAwareRequestWrapper[ org.springframework.security.web.header.HeaderWriterFilter$HeaderWriterRequest@25a40db4], org.springframework.security.web.header.HeaderWriterFilter$HeaderWriterResponse@2b63e770]
2022-01-03 16:39:32,425 DEBUG com.pravinkatiyar.onlinetest.aop.LoggingAspect [http-nio-8110-exec-8] Enter: com.pravinkatiyar.onlinetest.service.impl.AuthServiceImpl.loadUserByUsername() with argument[s] = [pravin@gmail.com]
2022-01-03 16:39:32,435 INFO com.pravinkatiyar.onlinetest.aop.PerformanceLoggingAspect [http-nio-8110-exec-8] Execution time of AuthServiceImpl.loadUserByUsername :: 8 ms
2022-01-03 16:39:32,435 DEBUG com.pravinkatiyar.onlinetest.aop.LoggingAspect [http-nio-8110-exec-8] Exit: com.pravinkatiyar.onlinetest.service.impl.AuthServiceImpl.loadUserByUsername() with result = com.pravinkatiyar.onlinetest.security.JwtUser@6d0ec598
2022-01-03 16:39:32,593 DEBUG com.pravinkatiyar.onlinetest.aop.LoggingAspect [http-nio-8110-exec-7] Exit: com.pravinkatiyar.onlinetest.controller.AuthController.Login() with result = <200 OK OK,com.pravinkatiyar.onlinetest.security.UserDTO@18bb8fb,[]>
2022-01-03 16:39:32,609 DEBUG com.pravinkatiyar.onlinetest.aop.LoggingAspect [http-nio-8110-exec-9] Enter: com.pravinkatiyar.onlinetest.controller.AuthController.Login() with argument[s] = [User [id=null, username=null, password=pravin, firstName=null, lastName=null, gender=null, email=pravin@gmail.com, phone=null, enabled=true], SecurityContextHolderAwareRequestWrapper[ org.springframework.security.web.header.HeaderWriterFilter$HeaderWriterRequest@6ce965dd], org.springframework.security.web.header.HeaderWriterFilter$HeaderWriterResponse@29ebf624]
2022-01-03 16:39:32,610 DEBUG com.pravinkatiyar.onlinetest.aop.LoggingAspect [http-nio-8110-exec-9] Enter: com.pravinkatiyar.onlinetest.service.impl.AuthServiceImpl.loadUserByUsername() with argument[s] = [pravin@gmail.com]
2022-01-03 16:39:32,614 INFO com.pravinkatiyar.onlinetest.aop.PerformanceLoggingAspect [http-nio-8110-exec-9] Execution time of AuthServiceImpl.loadUserByUsername :: 3 ms
2022-01-03 16:39:32,615 DEBUG com.pravinkatiyar.onlinetest.aop.LoggingAspect [http-nio-8110-exec-9] Exit: com.pravinkatiyar.onlinetest.service.impl.AuthServiceImpl.loadUserByUsername() with result = com.pravinkatiyar.onlinetest.security.JwtUser@6a35ddbf
2022-01-03 16:39:32,644 DEBUG com.pravinkatiyar.onlinetest.aop.LoggingAspect [http-nio-8110-exec-8] Exit: com.pravinkatiyar.onlinetest.controller.AuthController.Login() with result = <200 OK OK,com.pravinkatiyar.onlinetest.security.UserDTO@31448e79,[]>
2022-01-03 16:39:32,795 DEBUG com.pravinkatiyar.onlinetest.aop.LoggingAspect [http-nio-8110-exec-9] Exit: com.pravinkatiyar.onlinetest.controller.AuthController.Login() with result = <200 OK OK,com.pravinkatiyar.onlinetest.security.UserDTO@5c89c41c,[]>
2022-01-03 16:39:33,228 DEBUG com.pravinkatiyar.onlinetest.aop.LoggingAspect [http-nio-8110-exec-10] Enter: com.pravinkatiyar.onlinetest.controller.AuthController.Login() with argument[s] = [User [id=null, username=null, password=pravin, firstName=null, lastName=null, gender=null, email=pravin@gmail.com, phone=null, enabled=true], SecurityContextHolderAwareRequestWrapper[ org.springframework.security.web.header.HeaderWriterFilter$HeaderWriterRequest@75ae988a], org.springframework.security.web.header.HeaderWriterFilter$HeaderWriterResponse@7b69784f]
2022-01-03 16:39:33,229 DEBUG com.pravinkatiyar.onlinetest.aop.LoggingAspect [http-nio-8110-exec-10] Enter: com.pravinkatiyar.onlinetest.service.impl.AuthServiceImpl.loadUserByUsername() with argument[s] = [pravin@gmail.com]
2022-01-03 16:39:33,232 INFO com.pravinkatiyar.onlinetest.aop.PerformanceLoggingAspect [http-nio-8110-exec-10] Execution time of AuthServiceImpl.loadUserByUsername :: 3 ms
2022-01-03 16:39:33,232 DEBUG com.pravinkatiyar.onlinetest.aop.LoggingAspect [http-nio-8110-exec-10] Exit: com.pravinkatiyar.onlinetest.service.impl.AuthServiceImpl.loadUserByUsername() with result = com.pravinkatiyar.onlinetest.security.JwtUser@5e3533e1
2022-01-03 16:39:33,348 DEBUG com.pravinkatiyar.onlinetest.aop.LoggingAspect [http-nio-8110-exec-1] Enter: com.pravinkatiyar.onlinetest.controller.AuthController.Login() with argument[s] = [User [id=null, username=null, password=pravin, firstName=null, lastName=null, gender=null, email=pravin@gmail.com, phone=null, enabled=true], SecurityContextHolderAwareRequestWrapper[ org.springframework.security.web.header.HeaderWriterFilter$HeaderWriterRequest@11205d10], org.springframework.security.web.header.HeaderWriterFilter$HeaderWriterResponse@449c058f]
2022-01-03 16:39:33,350 DEBUG com.pravinkatiyar.onlinetest.aop.LoggingAspect [http-nio-8110-exec-1] Enter: com.pravinkatiyar.onlinetest.service.impl.AuthServiceImpl.loadUserByUsername() with argument[s] = [pravin@gmail.com]
2022-01-03 16:39:33,356 INFO com.pravinkatiyar.onlinetest.aop.PerformanceLoggingAspect [http-nio-8110-exec-1] Execution time of AuthServiceImpl.loadUserByUsername :: 5 ms
2022-01-03 16:39:33,356 DEBUG com.pravinkatiyar.onlinetest.aop.LoggingAspect [http-nio-8110-exec-1] Exit: com.pravinkatiyar.onlinetest.service.impl.AuthServiceImpl.loadUserByUsername() with result = com.pravinkatiyar.onlinetest.security.JwtUser@54ff6375
2022-01-03 16:39:33,382 DEBUG com.pravinkatiyar.onlinetest.aop.LoggingAspect [http-nio-8110-exec-2] Enter: com.pravinkatiyar.onlinetest.controller.AuthController.Login() with argument[s] = [User [id=null, username=null, password=pravin, firstName=null, lastName=null, gender=null, email=pravin@gmail.com, phone=null, enabled=true], SecurityContextHolderAwareRequestWrapper[ org.springframework.security.web.header.HeaderWriterFilter$HeaderWriterRequest@723380e5], org.springframework.security.web.header.HeaderWriterFilter$HeaderWriterResponse@75f81bdb]
2022-01-03 16:39:33,384 DEBUG com.pravinkatiyar.onlinetest.aop.LoggingAspect [http-nio-8110-exec-2] Enter: com.pravinkatiyar.onlinetest.service.impl.AuthServiceImpl.loadUserByUsername() with argument[s] = [pravin@gmail.com]
2022-01-03 16:39:33,394 DEBUG com.pravinkatiyar.onlinetest.aop.LoggingAspect [http-nio-8110-exec-3] Enter: com.pravinkatiyar.onlinetest.controller.AuthController.Login() with argument[s] = [User [id=null, username=null, password=pravin, firstName=null, lastName=null, gender=null, email=pravin@gmail.com, phone=null, enabled=true], SecurityContextHolderAwareRequestWrapper[ org.springframework.security.web.header.HeaderWriterFilter$HeaderWriterRequest@781a0830], org.springframework.security.web.header.HeaderWriterFilter$HeaderWriterResponse@2795c44e]
